2022-04-20 17:35:39,225 INFO [restartedMain] com.mh.jishi.StartApplication [StartupInfoLogger.java : 50] Starting StartApplication on hanson with PID 15804 (F:\idea-works\ts-demo\spring-boot-build\jishi-start\target\classes started by hansonh in F:\idea-works\ts-demo\spring-boot-build)
2022-04-20 17:35:39,228 INFO [restartedMain] com.mh.jishi.StartApplication [SpringApplication.java : 679] The following profiles are active: db_test
2022-04-20 17:40:41,944 INFO [restartedMain] com.mh.jishi.StartApplication [StartupInfoLogger.java : 50] Starting StartApplication on hanson with PID 11464 (F:\idea-works\ts-demo\spring-boot-build\jishi-start\target\classes started by hansonh in F:\idea-works\ts-demo\spring-boot-build)
2022-04-20 17:40:41,947 INFO [restartedMain] com.mh.jishi.StartApplication [SpringApplication.java : 679] The following profiles are active: db_test
2022-04-20 17:40:46,588 INFO [restartedMain] com.mh.jishi.StartApplication [StartupInfoLogger.java : 59] Started StartApplication in 5.274 seconds (JVM running for 6.02)
2022-04-20 17:40:46,592 INFO [restartedMain] com.mh.jishi.StartApplication [StartApplication.java : 41] ============程序启动成功============
2022-04-20 17:47:38,402 INFO [restartedMain] com.mh.jishi.StartApplication [StartupInfoLogger.java : 50] Starting StartApplication on hanson with PID 7760 (F:\idea-works\ts-demo\spring-boot-build\jishi-start\target\classes started by hansonh in F:\idea-works\ts-demo\spring-boot-build)
2022-04-20 17:47:38,406 INFO [restartedMain] com.mh.jishi.StartApplication [SpringApplication.java : 679] The following profiles are active: db_test
2022-04-20 17:47:45,001 INFO [restartedMain] com.mh.jishi.StartApplication [StartupInfoLogger.java : 59] Started StartApplication in 7.403 seconds (JVM running for 8.558)
2022-04-20 17:47:45,005 INFO [restartedMain] com.mh.jishi.StartApplication [StartApplication.java : 41] ============程序启动成功============
2022-04-20 17:55:44,183 INFO [restartedMain] com.mh.jishi.StartApplication [StartupInfoLogger.java : 50] Starting StartApplication on hanson with PID 7760 (F:\idea-works\ts-demo\spring-boot-build\jishi-start\target\classes started by hansonh in F:\idea-works\ts-demo\spring-boot-build)
2022-04-20 17:55:44,184 INFO [restartedMain] com.mh.jishi.StartApplication [SpringApplication.java : 679] The following profiles are active: db_test
2022-04-20 17:55:46,876 INFO [restartedMain] com.mh.jishi.StartApplication [StartupInfoLogger.java : 59] Started StartApplication in 2.772 seconds (JVM running for 490.441)
2022-04-20 17:55:46,878 INFO [restartedMain] com.mh.jishi.StartApplication [StartApplication.java : 41] ============程序启动成功============
2022-04-20 17:57:21,341 INFO [restartedMain] com.mh.jishi.StartApplication [StartupInfoLogger.java : 50] Starting StartApplication on hanson with PID 7760 (F:\idea-works\ts-demo\spring-boot-build\jishi-start\target\classes started by hansonh in F:\idea-works\ts-demo\spring-boot-build)
2022-04-20 17:57:21,342 INFO [restartedMain] com.mh.jishi.StartApplication [SpringApplication.java : 679] The following profiles are active: db_test
2022-04-20 17:57:23,971 INFO [restartedMain] com.mh.jishi.StartApplication [StartupInfoLogger.java : 59] Started StartApplication in 2.689 seconds (JVM running for 587.538)
2022-04-20 17:57:23,973 INFO [restartedMain] com.mh.jishi.StartApplication [StartApplication.java : 41] ============程序启动成功============
2022-04-20 17:59:45,511 INFO [restartedMain] com.mh.jishi.StartApplication [StartupInfoLogger.java : 50] Starting StartApplication on hanson with PID 17912 (F:\idea-works\ts-demo\spring-boot-build\jishi-start\target\classes started by hansonh in F:\idea-works\ts-demo\spring-boot-build)
2022-04-20 17:59:45,514 INFO [restartedMain] com.mh.jishi.StartApplication [SpringApplication.java : 679] The following profiles are active: db_test
2022-04-20 17:59:50,933 INFO [restartedMain] com.mh.jishi.StartApplication [StartupInfoLogger.java : 59] Started StartApplication in 6.064 seconds (JVM running for 6.877)
2022-04-20 17:59:50,937 INFO [restartedMain] com.mh.jishi.StartApplication [StartApplication.java : 50] ============程序启动成功, 访问路径:【/ts】, 端口号: 【8080】============
2022-04-20 18:00:31,251 INFO [XNIO-1 task-9] com.mh.jishi.config.AppLoggerAspect [AppLoggerAspect.java : 39] ********************** app请求开始 **********************
2022-04-20 18:00:31,408 INFO [XNIO-1 task-9] com.mh.jishi.config.AppLoggerAspect [AppLoggerAspect.java : 44] 请求访问时间: 2022年04月20日 18:00:31
2022-04-20 18:00:31,409 INFO [XNIO-1 task-9] com.mh.jishi.config.AppLoggerAspect [AppLoggerAspect.java : 46] 请求url: http://localhost:8080/ts/getRandomTs
2022-04-20 18:00:31,411 INFO [XNIO-1 task-9] com.mh.jishi.config.AppLoggerAspect [AppLoggerAspect.java : 49] 请求方式: GET
2022-04-20 18:00:31,411 INFO [XNIO-1 task-9] com.mh.jishi.config.AppLoggerAspect [AppLoggerAspect.java : 51] 请求参数列表: : []
2022-04-20 18:00:31,449 INFO [XNIO-1 task-9] com.mh.jishi.config.AppLoggerAspect [AppLoggerAspect.java : 60] 接口响应状态: 0
2022-04-20 18:00:31,449 INFO [XNIO-1 task-9] com.mh.jishi.config.AppLoggerAspect [AppLoggerAspect.java : 61] 接口响应信息: 請求成功
2022-04-20 18:00:31,449 INFO [XNIO-1 task-9] com.mh.jishi.config.AppLoggerAspect [AppLoggerAspect.java : 65] 请求耗时: 197 ms
2022-04-20 18:00:31,449 INFO [XNIO-1 task-9] com.mh.jishi.config.AppLoggerAspect [AppLoggerAspect.java : 66] 请求结束时间: 2022年04月20日 18:00:31
2022-04-20 18:00:31,450 INFO [XNIO-1 task-9] com.mh.jishi.config.AppLoggerAspect [AppLoggerAspect.java : 68] ********************** app请求结束 **********************
2022-04-20 18:00:32,328 INFO [XNIO-1 task-10] com.mh.jishi.config.AppLoggerAspect [AppLoggerAspect.java : 39] ********************** app请求开始 **********************
2022-04-20 18:00:32,328 INFO [XNIO-1 task-10] com.mh.jishi.config.AppLoggerAspect [AppLoggerAspect.java : 44] 请求访问时间: 2022年04月20日 18:00:32
2022-04-20 18:00:32,328 INFO [XNIO-1 task-10] com.mh.jishi.config.AppLoggerAspect [AppLoggerAspect.java : 46] 请求url: http://localhost:8080/ts/getRandomTs
2022-04-20 18:00:32,329 INFO [XNIO-1 task-10] com.mh.jishi.config.AppLoggerAspect [AppLoggerAspect.java : 49] 请求方式: GET
2022-04-20 18:00:32,329 INFO [XNIO-1 task-10] com.mh.jishi.config.AppLoggerAspect [AppLoggerAspect.java : 51] 请求参数列表: : []
2022-04-20 18:00:32,330 INFO [XNIO-1 task-10] com.mh.jishi.config.AppLoggerAspect [AppLoggerAspect.java : 60] 接口响应状态: 0
2022-04-20 18:00:32,330 INFO [XNIO-1 task-10] com.mh.jishi.config.AppLoggerAspect [AppLoggerAspect.java : 61] 接口响应信息: 請求成功
2022-04-20 18:00:32,331 INFO [XNIO-1 task-10] com.mh.jishi.config.AppLoggerAspect [AppLoggerAspect.java : 65] 请求耗时: 3 ms
2022-04-20 18:00:32,331 INFO [XNIO-1 task-10] com.mh.jishi.config.AppLoggerAspect [AppLoggerAspect.java : 66] 请求结束时间: 2022年04月20日 18:00:32
2022-04-20 18:00:32,331 INFO [XNIO-1 task-10] com.mh.jishi.config.AppLoggerAspect [AppLoggerAspect.java : 68] ********************** app请求结束 **********************
2022-04-20 18:00:32,784 INFO [XNIO-1 task-11] com.mh.jishi.config.AppLoggerAspect [AppLoggerAspect.java : 39] ********************** app请求开始 **********************
2022-04-20 18:00:32,785 INFO [XNIO-1 task-11] com.mh.jishi.config.AppLoggerAspect [AppLoggerAspect.java : 44] 请求访问时间: 2022年04月20日 18:00:32
2022-04-20 18:00:32,785 INFO [XNIO-1 task-11] com.mh.jishi.config.AppLoggerAspect [AppLoggerAspect.java : 46] 请求url: http://localhost:8080/ts/getRandomTs
2022-04-20 18:00:32,785 INFO [XNIO-1 task-11] com.mh.jishi.config.AppLoggerAspect [AppLoggerAspect.java : 49] 请求方式: GET
2022-04-20 18:00:32,785 INFO [XNIO-1 task-11] com.mh.jishi.config.AppLoggerAspect [AppLoggerAspect.java : 51] 请求参数列表: : []
2022-04-20 18:00:32,787 INFO [XNIO-1 task-11] com.mh.jishi.config.AppLoggerAspect [AppLoggerAspect.java : 60] 接口响应状态: 0
2022-04-20 18:00:32,788 INFO [XNIO-1 task-11] com.mh.jishi.config.AppLoggerAspect [AppLoggerAspect.java : 61] 接口响应信息: 請求成功
2022-04-20 18:00:32,788 INFO [XNIO-1 task-11] com.mh.jishi.config.AppLoggerAspect [AppLoggerAspect.java : 65] 请求耗时: 3 ms
2022-04-20 18:00:32,788 INFO [XNIO-1 task-11] com.mh.jishi.config.AppLoggerAspect [AppLoggerAspect.java : 66] 请求结束时间: 2022年04月20日 18:00:32
2022-04-20 18:00:32,788 INFO [XNIO-1 task-11] com.mh.jishi.config.AppLoggerAspect [AppLoggerAspect.java : 68] ********************** app请求结束 **********************
2022-04-20 18:00:33,137 INFO [XNIO-1 task-12] com.mh.jishi.config.AppLoggerAspect [AppLoggerAspect.java : 39] ********************** app请求开始 **********************
2022-04-20 18:00:33,137 INFO [XNIO-1 task-12] com.mh.jishi.config.AppLoggerAspect [AppLoggerAspect.java : 44] 请求访问时间: 2022年04月20日 18:00:33
2022-04-20 18:00:33,138 INFO [XNIO-1 task-12] com.mh.jishi.config.AppLoggerAspect [AppLoggerAspect.java : 46] 请求url: http://localhost:8080/ts/getRandomTs
2022-04-20 18:00:33,138 INFO [XNIO-1 task-12] com.mh.jishi.config.AppLoggerAspect [AppLoggerAspect.java : 49] 请求方式: GET
2022-04-20 18:00:33,138 INFO [XNIO-1 task-12] com.mh.jishi.config.AppLoggerAspect [AppLoggerAspect.java : 51] 请求参数列表: : []
2022-04-20 18:00:33,139 INFO [XNIO-1 task-12] com.mh.jishi.config.AppLoggerAspect [AppLoggerAspect.java : 60] 接口响应状态: 0
2022-04-20 18:00:33,139 INFO [XNIO-1 task-12] com.mh.jishi.config.AppLoggerAspect [AppLoggerAspect.java : 61] 接口响应信息: 請求成功
2022-04-20 18:00:33,140 INFO [XNIO-1 task-12] com.mh.jishi.config.AppLoggerAspect [AppLoggerAspect.java : 65] 请求耗时: 3 ms
2022-04-20 18:00:33,140 INFO [XNIO-1 task-12] com.mh.jishi.config.AppLoggerAspect [AppLoggerAspect.java : 66] 请求结束时间: 2022年04月20日 18:00:33
2022-04-20 18:00:33,140 INFO [XNIO-1 task-12] com.mh.jishi.config.AppLoggerAspect [AppLoggerAspect.java : 68] ********************** app请求结束 **********************
2022-04-20 18:00:33,529 INFO [XNIO-1 task-13] com.mh.jishi.config.AppLoggerAspect [AppLoggerAspect.java : 39] ********************** app请求开始 **********************
2022-04-20 18:00:33,529 INFO [XNIO-1 task-13] com.mh.jishi.config.AppLoggerAspect [AppLoggerAspect.java : 44] 请求访问时间: 2022年04月20日 18:00:33
2022-04-20 18:00:33,529 INFO [XNIO-1 task-13] com.mh.jishi.config.AppLoggerAspect [AppLoggerAspect.java : 46] 请求url: http://localhost:8080/ts/getRandomTs
2022-04-20 18:00:33,529 INFO [XNIO-1 task-13] com.mh.jishi.config.AppLoggerAspect [AppLoggerAspect.java : 49] 请求方式: GET
2022-04-20 18:00:33,529 INFO [XNIO-1 task-13] com.mh.jishi.config.AppLoggerAspect [AppLoggerAspect.java : 51] 请求参数列表: : []
2022-04-20 18:00:33,530 INFO [XNIO-1 task-13] com.mh.jishi.config.AppLoggerAspect [AppLoggerAspect.java : 60] 接口响应状态: 0
2022-04-20 18:00:33,531 INFO [XNIO-1 task-13] com.mh.jishi.config.AppLoggerAspect [AppLoggerAspect.java : 61] 接口响应信息: 請求成功
2022-04-20 18:00:33,531 INFO [XNIO-1 task-13] com.mh.jishi.config.AppLoggerAspect [AppLoggerAspect.java : 65] 请求耗时: 2 ms
2022-04-20 18:00:33,531 INFO [XNIO-1 task-13] com.mh.jishi.config.AppLoggerAspect [AppLoggerAspect.java : 66] 请求结束时间: 2022年04月20日 18:00:33
2022-04-20 18:00:33,531 INFO [XNIO-1 task-13] com.mh.jishi.config.AppLoggerAspect [AppLoggerAspect.java : 68] ********************** app请求结束 **********************
2022-04-20 18:00:33,929 INFO [XNIO-1 task-14] com.mh.jishi.config.AppLoggerAspect [AppLoggerAspect.java : 39] ********************** app请求开始 **********************
2022-04-20 18:00:33,929 INFO [XNIO-1 task-14] com.mh.jishi.config.AppLoggerAspect [AppLoggerAspect.java : 44] 请求访问时间: 2022年04月20日 18:00:33
2022-04-20 18:00:33,929 INFO [XNIO-1 task-14] com.mh.jishi.config.AppLoggerAspect [AppLoggerAspect.java : 46] 请求url: http://localhost:8080/ts/getRandomTs
2022-04-20 18:00:33,929 INFO [XNIO-1 task-14] com.mh.jishi.config.AppLoggerAspect [AppLoggerAspect.java : 49] 请求方式: GET
2022-04-20 18:00:33,929 INFO [XNIO-1 task-14] com.mh.jishi.config.AppLoggerAspect [AppLoggerAspect.java : 51] 请求参数列表: : []
2022-04-20 18:00:33,930 INFO [XNIO-1 task-14] com.mh.jishi.config.AppLoggerAspect [AppLoggerAspect.java : 60] 接口响应状态: 0
2022-04-20 18:00:33,931 INFO [XNIO-1 task-14] com.mh.jishi.config.AppLoggerAspect [AppLoggerAspect.java : 61] 接口响应信息: 請求成功
2022-04-20 18:00:33,931 INFO [XNIO-1 task-14] com.mh.jishi.config.AppLoggerAspect [AppLoggerAspect.java : 65] 请求耗时: 2 ms
2022-04-20 18:00:33,931 INFO [XNIO-1 task-14] com.mh.jishi.config.AppLoggerAspect [AppLoggerAspect.java : 66] 请求结束时间: 2022年04月20日 18:00:33
2022-04-20 18:00:33,931 INFO [XNIO-1 task-14] com.mh.jishi.config.AppLoggerAspect [AppLoggerAspect.java : 68] ********************** app请求结束 **********************
2022-04-20 18:00:34,393 INFO [XNIO-1 task-15] com.mh.jishi.config.AppLoggerAspect [AppLoggerAspect.java : 39] ********************** app请求开始 **********************
2022-04-20 18:00:34,393 INFO [XNIO-1 task-15] com.mh.jishi.config.AppLoggerAspect [AppLoggerAspect.java : 44] 请求访问时间: 2022年04月20日 18:00:34
2022-04-20 18:00:34,393 INFO [XNIO-1 task-15] com.mh.jishi.config.AppLoggerAspect [AppLoggerAspect.java : 46] 请求url: http://localhost:8080/ts/getRandomTs
2022-04-20 18:00:34,393 INFO [XNIO-1 task-15] com.mh.jishi.config.AppLoggerAspect [AppLoggerAspect.java : 49] 请求方式: GET
2022-04-20 18:00:34,393 INFO [XNIO-1 task-15] com.mh.jishi.config.AppLoggerAspect [AppLoggerAspect.java : 51] 请求参数列表: : []
2022-04-20 18:00:34,394 INFO [XNIO-1 task-15] com.mh.jishi.config.AppLoggerAspect [AppLoggerAspect.java : 60] 接口响应状态: 0
2022-04-20 18:00:34,394 INFO [XNIO-1 task-15] com.mh.jishi.config.AppLoggerAspect [AppLoggerAspect.java : 61] 接口响应信息: 請求成功
2022-04-20 18:00:34,395 INFO [XNIO-1 task-15] com.mh.jishi.config.AppLoggerAspect [AppLoggerAspect.java : 65] 请求耗时: 2 ms
2022-04-20 18:00:34,395 INFO [XNIO-1 task-15] com.mh.jishi.config.AppLoggerAspect [AppLoggerAspect.java : 66] 请求结束时间: 2022年04月20日 18:00:34
2022-04-20 18:00:34,395 INFO [XNIO-1 task-15] com.mh.jishi.config.AppLoggerAspect [AppLoggerAspect.java : 68] ********************** app请求结束 **********************
2022-04-20 18:00:34,872 INFO [XNIO-1 task-16] com.mh.jishi.config.AppLoggerAspect [AppLoggerAspect.java : 39] ********************** app请求开始 **********************
2022-04-20 18:00:34,873 INFO [XNIO-1 task-16] com.mh.jishi.config.AppLoggerAspect [AppLoggerAspect.java : 44] 请求访问时间: 2022年04月20日 18:00:34
2022-04-20 18:00:34,873 INFO [XNIO-1 task-16] com.mh.jishi.config.AppLoggerAspect [AppLoggerAspect.java : 46] 请求url: http://localhost:8080/ts/getRandomTs
2022-04-20 18:00:34,873 INFO [XNIO-1 task-16] com.mh.jishi.config.AppLoggerAspect [AppLoggerAspect.java : 49] 请求方式: GET
2022-04-20 18:00:34,873 INFO [XNIO-1 task-16] com.mh.jishi.config.AppLoggerAspect [AppLoggerAspect.java : 51] 请求参数列表: : []
2022-04-20 18:00:34,874 INFO [XNIO-1 task-16] com.mh.jishi.config.AppLoggerAspect [AppLoggerAspect.java : 60] 接口响应状态: 0
2022-04-20 18:00:34,874 INFO [XNIO-1 task-16] com.mh.jishi.config.AppLoggerAspect [AppLoggerAspect.java : 61] 接口响应信息: 請求成功
2022-04-20 18:00:34,874 INFO [XNIO-1 task-16] com.mh.jishi.config.AppLoggerAspect [AppLoggerAspect.java : 65] 请求耗时: 1 ms
2022-04-20 18:00:34,875 INFO [XNIO-1 task-16] com.mh.jishi.config.AppLoggerAspect [AppLoggerAspect.java : 66] 请求结束时间: 2022年04月20日 18:00:34
2022-04-20 18:00:34,875 INFO [XNIO-1 task-16] com.mh.jishi.config.AppLoggerAspect [AppLoggerAspect.java : 68] ********************** app请求结束 **********************
2022-04-20 18:00:35,672 INFO [XNIO-1 task-17] com.mh.jishi.config.AppLoggerAspect [AppLoggerAspect.java : 39] ********************** app请求开始 **********************
2022-04-20 18:00:35,673 INFO [XNIO-1 task-17] com.mh.jishi.config.AppLoggerAspect [AppLoggerAspect.java : 44] 请求访问时间: 2022年04月20日 18:00:35
2022-04-20 18:00:35,673 INFO [XNIO-1 task-17] com.mh.jishi.config.AppLoggerAspect [AppLoggerAspect.java : 46] 请求url: http://localhost:8080/ts/getRandomTs
2022-04-20 18:00:35,673 INFO [XNIO-1 task-17] com.mh.jishi.config.AppLoggerAspect [AppLoggerAspect.java : 49] 请求方式: GET
2022-04-20 18:00:35,673 INFO [XNIO-1 task-17] com.mh.jishi.config.AppLoggerAspect [AppLoggerAspect.java : 51] 请求参数列表: : []
2022-04-20 18:00:35,674 INFO [XNIO-1 task-17] com.mh.jishi.config.AppLoggerAspect [AppLoggerAspect.java : 60] 接口响应状态: 0
2022-04-20 18:00:35,675 INFO [XNIO-1 task-17] com.mh.jishi.config.AppLoggerAspect [AppLoggerAspect.java : 61] 接口响应信息: 請求成功
2022-04-20 18:00:35,675 INFO [XNIO-1 task-17] com.mh.jishi.config.AppLoggerAspect [AppLoggerAspect.java : 65] 请求耗时: 3 ms
2022-04-20 18:00:35,676 INFO [XNIO-1 task-17] com.mh.jishi.config.AppLoggerAspect [AppLoggerAspect.java : 66] 请求结束时间: 2022年04月20日 18:00:35
2022-04-20 18:00:35,676 INFO [XNIO-1 task-17] com.mh.jishi.config.AppLoggerAspect [AppLoggerAspect.java : 68] ********************** app请求结束 **********************
2022-04-20 18:00:36,033 INFO [XNIO-1 task-18] com.mh.jishi.config.AppLoggerAspect [AppLoggerAspect.java : 39] ********************** app请求开始 **********************
2022-04-20 18:00:36,033 INFO [XNIO-1 task-18] com.mh.jishi.config.AppLoggerAspect [AppLoggerAspect.java : 44] 请求访问时间: 2022年04月20日 18:00:36
2022-04-20 18:00:36,033 INFO [XNIO-1 task-18] com.mh.jishi.config.AppLoggerAspect [AppLoggerAspect.java : 46] 请求url: http://localhost:8080/ts/getRandomTs
2022-04-20 18:00:36,033 INFO [XNIO-1 task-18] com.mh.jishi.config.AppLoggerAspect [AppLoggerAspect.java : 49] 请求方式: GET
2022-04-20 18:00:36,034 INFO [XNIO-1 task-18] com.mh.jishi.config.AppLoggerAspect [AppLoggerAspect.java : 51] 请求参数列表: : []
2022-04-20 18:00:36,035 INFO [XNIO-1 task-18] com.mh.jishi.config.AppLoggerAspect [AppLoggerAspect.java : 60] 接口响应状态: 0
2022-04-20 18:00:36,035 INFO [XNIO-1 task-18] com.mh.jishi.config.AppLoggerAspect [AppLoggerAspect.java : 61] 接口响应信息: 請求成功
2022-04-20 18:00:36,035 INFO [XNIO-1 task-18] com.mh.jishi.config.AppLoggerAspect [AppLoggerAspect.java : 65] 请求耗时: 2 ms
2022-04-20 18:00:36,035 INFO [XNIO-1 task-18] com.mh.jishi.config.AppLoggerAspect [AppLoggerAspect.java : 66] 请求结束时间: 2022年04月20日 18:00:36
2022-04-20 18:00:36,035 INFO [XNIO-1 task-18] com.mh.jishi.config.AppLoggerAspect [AppLoggerAspect.java : 68] ********************** app请求结束 **********************
2022-04-20 18:00:36,282 INFO [XNIO-1 task-19] com.mh.jishi.config.AppLoggerAspect [AppLoggerAspect.java : 39] ********************** app请求开始 **********************
2022-04-20 18:00:36,282 INFO [XNIO-1 task-19] com.mh.jishi.config.AppLoggerAspect [AppLoggerAspect.java : 44] 请求访问时间: 2022年04月20日 18:00:36
2022-04-20 18:00:36,282 INFO [XNIO-1 task-19] com.mh.jishi.config.AppLoggerAspect [AppLoggerAspect.java : 46] 请求url: http://localhost:8080/ts/getRandomTs
2022-04-20 18:00:36,282 INFO [XNIO-1 task-19] com.mh.jishi.config.AppLoggerAspect [AppLoggerAspect.java : 49] 请求方式: GET
2022-04-20 18:00:36,282 INFO [XNIO-1 task-19] com.mh.jishi.config.AppLoggerAspect [AppLoggerAspect.java : 51] 请求参数列表: : []
2022-04-20 18:00:36,283 INFO [XNIO-1 task-19] com.mh.jishi.config.AppLoggerAspect [AppLoggerAspect.java : 60] 接口响应状态: 0
2022-04-20 18:00:36,283 INFO [XNIO-1 task-19] com.mh.jishi.config.AppLoggerAspect [AppLoggerAspect.java : 61] 接口响应信息: 請求成功
2022-04-20 18:00:36,283 INFO [XNIO-1 task-19] com.mh.jishi.config.AppLoggerAspect [AppLoggerAspect.java : 65] 请求耗时: 1 ms
2022-04-20 18:00:36,284 INFO [XNIO-1 task-19] com.mh.jishi.config.AppLoggerAspect [AppLoggerAspect.java : 66] 请求结束时间: 2022年04月20日 18:00:36
2022-04-20 18:00:36,284 INFO [XNIO-1 task-19] com.mh.jishi.config.AppLoggerAspect [AppLoggerAspect.java : 68] ********************** app请求结束 **********************
2022-04-20 18:00:36,488 INFO [XNIO-1 task-20] com.mh.jishi.config.AppLoggerAspect [AppLoggerAspect.java : 39] ********************** app请求开始 **********************
2022-04-20 18:00:36,488 INFO [XNIO-1 task-20] com.mh.jishi.config.AppLoggerAspect [AppLoggerAspect.java : 44] 请求访问时间: 2022年04月20日 18:00:36
2022-04-20 18:00:36,488 INFO [XNIO-1 task-20] com.mh.jishi.config.AppLoggerAspect [AppLoggerAspect.java : 46] 请求url: http://localhost:8080/ts/getRandomTs
2022-04-20 18:00:36,488 INFO [XNIO-1 task-20] com.mh.jishi.config.AppLoggerAspect [AppLoggerAspect.java : 49] 请求方式: GET
2022-04-20 18:00:36,488 INFO [XNIO-1 task-20] com.mh.jishi.config.AppLoggerAspect [AppLoggerAspect.java : 51] 请求参数列表: : []
2022-04-20 18:00:36,490 INFO [XNIO-1 task-20] com.mh.jishi.config.AppLoggerAspect [AppLoggerAspect.java : 60] 接口响应状态: 0
2022-04-20 18:00:36,490 INFO [XNIO-1 task-20] com.mh.jishi.config.AppLoggerAspect [AppLoggerAspect.java : 61] 接口响应信息: 請求成功
2022-04-20 18:00:36,490 INFO [XNIO-1 task-20] com.mh.jishi.config.AppLoggerAspect [AppLoggerAspect.java : 65] 请求耗时: 2 ms
2022-04-20 18:00:36,490 INFO [XNIO-1 task-20] com.mh.jishi.config.AppLoggerAspect [AppLoggerAspect.java : 66] 请求结束时间: 2022年04月20日 18:00:36
2022-04-20 18:00:36,491 INFO [XNIO-1 task-20] com.mh.jishi.config.AppLoggerAspect [AppLoggerAspect.java : 68] ********************** app请求结束 **********************
2022-04-20 18:00:36,689 INFO [XNIO-1 task-21] com.mh.jishi.config.AppLoggerAspect [AppLoggerAspect.java : 39] ********************** app请求开始 **********************
2022-04-20 18:00:36,689 INFO [XNIO-1 task-21] com.mh.jishi.config.AppLoggerAspect [AppLoggerAspect.java : 44] 请求访问时间: 2022年04月20日 18:00:36
2022-04-20 18:00:36,689 INFO [XNIO-1 task-21] com.mh.jishi.config.AppLoggerAspect [AppLoggerAspect.java : 46] 请求url: http://localhost:8080/ts/getRandomTs
2022-04-20 18:00:36,690 INFO [XNIO-1 task-21] com.mh.jishi.config.AppLoggerAspect [AppLoggerAspect.java : 49] 请求方式: GET
2022-04-20 18:00:36,690 INFO [XNIO-1 task-21] com.mh.jishi.config.AppLoggerAspect [AppLoggerAspect.java : 51] 请求参数列表: : []
2022-04-20 18:00:36,691 INFO [XNIO-1 task-21] com.mh.jishi.config.AppLoggerAspect [AppLoggerAspect.java : 60] 接口响应状态: 0
2022-04-20 18:00:36,691 INFO [XNIO-1 task-21] com.mh.jishi.config.AppLoggerAspect [AppLoggerAspect.java : 61] 接口响应信息: 請求成功
2022-04-20 18:00:36,691 INFO [XNIO-1 task-21] com.mh.jishi.config.AppLoggerAspect [AppLoggerAspect.java : 65] 请求耗时: 2 ms
2022-04-20 18:00:36,692 INFO [XNIO-1 task-21] com.mh.jishi.config.AppLoggerAspect [AppLoggerAspect.java : 66] 请求结束时间: 2022年04月20日 18:00:36
2022-04-20 18:00:36,692 INFO [XNIO-1 task-21] com.mh.jishi.config.AppLoggerAspect [AppLoggerAspect.java : 68] ********************** app请求结束 **********************
2022-04-20 18:00:36,888 INFO [XNIO-1 task-22] com.mh.jishi.config.AppLoggerAspect [AppLoggerAspect.java : 39] ********************** app请求开始 **********************
2022-04-20 18:00:36,889 INFO [XNIO-1 task-22] com.mh.jishi.config.AppLoggerAspect [AppLoggerAspect.java : 44] 请求访问时间: 2022年04月20日 18:00:36
2022-04-20 18:00:36,889 INFO [XNIO-1 task-22] com.mh.jishi.config.AppLoggerAspect [AppLoggerAspect.java : 46] 请求url: http://localhost:8080/ts/getRandomTs
2022-04-20 18:00:36,889 INFO [XNIO-1 task-22] com.mh.jishi.config.AppLoggerAspect [AppLoggerAspect.java : 49] 请求方式: GET
2022-04-20 18:00:36,889 INFO [XNIO-1 task-22] com.mh.jishi.config.AppLoggerAspect [AppLoggerAspect.java : 51] 请求参数列表: : []
2022-04-20 18:00:36,890 INFO [XNIO-1 task-22] com.mh.jishi.config.AppLoggerAspect [AppLoggerAspect.java : 60] 接口响应状态: 0
2022-04-20 18:00:36,890 INFO [XNIO-1 task-22] com.mh.jishi.config.AppLoggerAspect [AppLoggerAspect.java : 61] 接口响应信息: 請求成功
2022-04-20 18:00:36,891 INFO [XNIO-1 task-22] com.mh.jishi.config.AppLoggerAspect [AppLoggerAspect.java : 65] 请求耗时: 3 ms
2022-04-20 18:00:36,891 INFO [XNIO-1 task-22] com.mh.jishi.config.AppLoggerAspect [AppLoggerAspect.java : 66] 请求结束时间: 2022年04月20日 18:00:36
2022-04-20 18:00:36,891 INFO [XNIO-1 task-22] com.mh.jishi.config.AppLoggerAspect [AppLoggerAspect.java : 68] ********************** app请求结束 **********************
2022-04-20 18:00:37,064 INFO [XNIO-1 task-23] com.mh.jishi.config.AppLoggerAspect [AppLoggerAspect.java : 39] ********************** app请求开始 **********************
2022-04-20 18:00:37,064 INFO [XNIO-1 task-23] com.mh.jishi.config.AppLoggerAspect [AppLoggerAspect.java : 44] 请求访问时间: 2022年04月20日 18:00:37
2022-04-20 18:00:37,064 INFO [XNIO-1 task-23] com.mh.jishi.config.AppLoggerAspect [AppLoggerAspect.java : 46] 请求url: http://localhost:8080/ts/getRandomTs
2022-04-20 18:00:37,064 INFO [XNIO-1 task-23] com.mh.jishi.config.AppLoggerAspect [AppLoggerAspect.java : 49] 请求方式: GET
2022-04-20 18:00:37,064 INFO [XNIO-1 task-23] com.mh.jishi.config.AppLoggerAspect [AppLoggerAspect.java : 51] 请求参数列表: : []
2022-04-20 18:00:37,065 INFO [XNIO-1 task-23] com.mh.jishi.config.AppLoggerAspect [AppLoggerAspect.java : 60] 接口响应状态: 0
2022-04-20 18:00:37,065 INFO [XNIO-1 task-23] com.mh.jishi.config.AppLoggerAspect [AppLoggerAspect.java : 61] 接口响应信息: 請求成功
2022-04-20 18:00:37,066 INFO [XNIO-1 task-23] com.mh.jishi.config.AppLoggerAspect [AppLoggerAspect.java : 65] 请求耗时: 2 ms
2022-04-20 18:00:37,066 INFO [XNIO-1 task-23] com.mh.jishi.config.AppLoggerAspect [AppLoggerAspect.java : 66] 请求结束时间: 2022年04月20日 18:00:37
2022-04-20 18:00:37,066 INFO [XNIO-1 task-23] com.mh.jishi.config.AppLoggerAspect [AppLoggerAspect.java : 68] ********************** app请求结束 **********************
2022-04-20 18:00:37,256 INFO [XNIO-1 task-24] com.mh.jishi.config.AppLoggerAspect [AppLoggerAspect.java : 39] ********************** app请求开始 **********************
2022-04-20 18:00:37,256 INFO [XNIO-1 task-24] com.mh.jishi.config.AppLoggerAspect [AppLoggerAspect.java : 44] 请求访问时间: 2022年04月20日 18:00:37
2022-04-20 18:00:37,257 INFO [XNIO-1 task-24] com.mh.jishi.config.AppLoggerAspect [AppLoggerAspect.java : 46] 请求url: http://localhost:8080/ts/getRandomTs
2022-04-20 18:00:37,257 INFO [XNIO-1 task-24] com.mh.jishi.config.AppLoggerAspect [AppLoggerAspect.java : 49] 请求方式: GET
2022-04-20 18:00:37,257 INFO [XNIO-1 task-24] com.mh.jishi.config.AppLoggerAspect [AppLoggerAspect.java : 51] 请求参数列表: : []
2022-04-20 18:00:37,259 INFO [XNIO-1 task-24] com.mh.jishi.config.AppLoggerAspect [AppLoggerAspect.java : 60] 接口响应状态: 0
2022-04-20 18:00:37,259 INFO [XNIO-1 task-24] com.mh.jishi.config.AppLoggerAspect [AppLoggerAspect.java : 61] 接口响应信息: 請求成功
2022-04-20 18:00:37,259 INFO [XNIO-1 task-24] com.mh.jishi.config.AppLoggerAspect [AppLoggerAspect.java : 65] 请求耗时: 3 ms
2022-04-20 18:00:37,260 INFO [XNIO-1 task-24] com.mh.jishi.config.AppLoggerAspect [AppLoggerAspect.java : 66] 请求结束时间: 2022年04月20日 18:00:37
2022-04-20 18:00:37,260 INFO [XNIO-1 task-24] com.mh.jishi.config.AppLoggerAspect [AppLoggerAspect.java : 68] ********************** app请求结束 **********************
2022-04-20 18:00:37,448 INFO [XNIO-1 task-25] com.mh.jishi.config.AppLoggerAspect [AppLoggerAspect.java : 39] ********************** app请求开始 **********************
2022-04-20 18:00:37,449 INFO [XNIO-1 task-25] com.mh.jishi.config.AppLoggerAspect [AppLoggerAspect.java : 44] 请求访问时间: 2022年04月20日 18:00:37
2022-04-20 18:00:37,449 INFO [XNIO-1 task-25] com.mh.jishi.config.AppLoggerAspect [AppLoggerAspect.java : 46] 请求url: http://localhost:8080/ts/getRandomTs
2022-04-20 18:00:37,449 INFO [XNIO-1 task-25] com.mh.jishi.config.AppLoggerAspect [AppLoggerAspect.java : 49] 请求方式: GET
2022-04-20 18:00:37,449 INFO [XNIO-1 task-25] com.mh.jishi.config.AppLoggerAspect [AppLoggerAspect.java : 51] 请求参数列表: : []
2022-04-20 18:00:37,450 INFO [XNIO-1 task-25] com.mh.jishi.config.AppLoggerAspect [AppLoggerAspect.java : 60] 接口响应状态: 0
2022-04-20 18:00:37,450 INFO [XNIO-1 task-25] com.mh.jishi.config.AppLoggerAspect [AppLoggerAspect.java : 61] 接口响应信息: 請求成功
2022-04-20 18:00:37,450 INFO [XNIO-1 task-25] com.mh.jishi.config.AppLoggerAspect [AppLoggerAspect.java : 65] 请求耗时: 1 ms
2022-04-20 18:00:37,451 INFO [XNIO-1 task-25] com.mh.jishi.config.AppLoggerAspect [AppLoggerAspect.java : 66] 请求结束时间: 2022年04月20日 18:00:37
2022-04-20 18:00:37,451 INFO [XNIO-1 task-25] com.mh.jishi.config.AppLoggerAspect [AppLoggerAspect.java : 68] ********************** app请求结束 **********************
2022-04-20 18:00:37,633 INFO [XNIO-1 task-26] com.mh.jishi.config.AppLoggerAspect [AppLoggerAspect.java : 39] ********************** app请求开始 **********************
2022-04-20 18:00:37,634 INFO [XNIO-1 task-26] com.mh.jishi.config.AppLoggerAspect [AppLoggerAspect.java : 44] 请求访问时间: 2022年04月20日 18:00:37
2022-04-20 18:00:37,634 INFO [XNIO-1 task-26] com.mh.jishi.config.AppLoggerAspect [AppLoggerAspect.java : 46] 请求url: http://localhost:8080/ts/getRandomTs
2022-04-20 18:00:37,634 INFO [XNIO-1 task-26] com.mh.jishi.config.AppLoggerAspect [AppLoggerAspect.java : 49] 请求方式: GET
2022-04-20 18:00:37,635 INFO [XNIO-1 task-26] com.mh.jishi.config.AppLoggerAspect [AppLoggerAspect.java : 51] 请求参数列表: : []
2022-04-20 18:00:37,635 INFO [XNIO-1 task-26] com.mh.jishi.config.AppLoggerAspect [AppLoggerAspect.java : 60] 接口响应状态: 0
2022-04-20 18:00:37,636 INFO [XNIO-1 task-26] com.mh.jishi.config.AppLoggerAspect [AppLoggerAspect.java : 61] 接口响应信息: 請求成功
2022-04-20 18:00:37,636 INFO [XNIO-1 task-26] com.mh.jishi.config.AppLoggerAspect [AppLoggerAspect.java : 65] 请求耗时: 2 ms
2022-04-20 18:00:37,636 INFO [XNIO-1 task-26] com.mh.jishi.config.AppLoggerAspect [AppLoggerAspect.java : 66] 请求结束时间: 2022年04月20日 18:00:37
2022-04-20 18:00:37,636 INFO [XNIO-1 task-26] com.mh.jishi.config.AppLoggerAspect [AppLoggerAspect.java : 68] ********************** app请求结束 **********************
2022-04-20 18:00:37,808 INFO [XNIO-1 task-27] com.mh.jishi.config.AppLoggerAspect [AppLoggerAspect.java : 39] ********************** app请求开始 **********************
2022-04-20 18:00:37,809 INFO [XNIO-1 task-27] com.mh.jishi.config.AppLoggerAspect [AppLoggerAspect.java : 44] 请求访问时间: 2022年04月20日 18:00:37
2022-04-20 18:00:37,809 INFO [XNIO-1 task-27] com.mh.jishi.config.AppLoggerAspect [AppLoggerAspect.java : 46] 请求url: http://localhost:8080/ts/getRandomTs
2022-04-20 18:00:37,809 INFO [XNIO-1 task-27] com.mh.jishi.config.AppLoggerAspect [AppLoggerAspect.java : 49] 请求方式: GET
2022-04-20 18:00:37,809 INFO [XNIO-1 task-27] com.mh.jishi.config.AppLoggerAspect [AppLoggerAspect.java : 51] 请求参数列表: : []
2022-04-20 18:00:37,810 INFO [XNIO-1 task-27] com.mh.jishi.config.AppLoggerAspect [AppLoggerAspect.java : 60] 接口响应状态: 0
2022-04-20 18:00:37,811 INFO [XNIO-1 task-27] com.mh.jishi.config.AppLoggerAspect [AppLoggerAspect.java : 61] 接口响应信息: 請求成功
2022-04-20 18:00:37,811 INFO [XNIO-1 task-27] com.mh.jishi.config.AppLoggerAspect [AppLoggerAspect.java : 65] 请求耗时: 3 ms
2022-04-20 18:00:37,811 INFO [XNIO-1 task-27] com.mh.jishi.config.AppLoggerAspect [AppLoggerAspect.java : 66] 请求结束时间: 2022年04月20日 18:00:37
2022-04-20 18:00:37,811 INFO [XNIO-1 task-27] com.mh.jishi.config.AppLoggerAspect [AppLoggerAspect.java : 68] ********************** app请求结束 **********************
2022-04-20 18:01:10,479 INFO [XNIO-1 task-28] com.mh.jishi.config.AppLoggerAspect [AppLoggerAspect.java : 39] ********************** app请求开始 **********************
2022-04-20 18:01:10,479 INFO [XNIO-1 task-28] com.mh.jishi.config.AppLoggerAspect [AppLoggerAspect.java : 44] 请求访问时间: 2022年04月20日 18:01:10
2022-04-20 18:01:10,480 INFO [XNIO-1 task-28] com.mh.jishi.config.AppLoggerAspect [AppLoggerAspect.java : 46] 请求url: http://localhost:8080/ts/getRandomTs
2022-04-20 18:01:10,480 INFO [XNIO-1 task-28] com.mh.jishi.config.AppLoggerAspect [AppLoggerAspect.java : 49] 请求方式: GET
2022-04-20 18:01:10,480 INFO [XNIO-1 task-28] com.mh.jishi.config.AppLoggerAspect [AppLoggerAspect.java : 51] 请求参数列表: : []
2022-04-20 18:01:10,482 INFO [XNIO-1 task-28] com.mh.jishi.config.AppLoggerAspect [AppLoggerAspect.java : 60] 接口响应状态: 0
2022-04-20 18:01:10,482 INFO [XNIO-1 task-28] com.mh.jishi.config.AppLoggerAspect [AppLoggerAspect.java : 61] 接口响应信息: 請求成功
2022-04-20 18:01:10,482 INFO [XNIO-1 task-28] com.mh.jishi.config.AppLoggerAspect [AppLoggerAspect.java : 65] 请求耗时: 3 ms
2022-04-20 18:01:10,483 INFO [XNIO-1 task-28] com.mh.jishi.config.AppLoggerAspect [AppLoggerAspect.java : 66] 请求结束时间: 2022年04月20日 18:01:10
2022-04-20 18:01:10,483 INFO [XNIO-1 task-28] com.mh.jishi.config.AppLoggerAspect [AppLoggerAspect.java : 68] ********************** app请求结束 **********************
2022-04-20 18:01:10,723 INFO [XNIO-1 task-29] com.mh.jishi.config.AppLoggerAspect [AppLoggerAspect.java : 39] ********************** app请求开始 **********************
2022-04-20 18:01:10,724 INFO [XNIO-1 task-29] com.mh.jishi.config.AppLoggerAspect [AppLoggerAspect.java : 44] 请求访问时间: 2022年04月20日 18:01:10
2022-04-20 18:01:10,724 INFO [XNIO-1 task-29] com.mh.jishi.config.AppLoggerAspect [AppLoggerAspect.java : 46] 请求url: http://localhost:8080/ts/getRandomTs
2022-04-20 18:01:10,724 INFO [XNIO-1 task-29] com.mh.jishi.config.AppLoggerAspect [AppLoggerAspect.java : 49] 请求方式: GET
2022-04-20 18:01:10,724 INFO [XNIO-1 task-29] com.mh.jishi.config.AppLoggerAspect [AppLoggerAspect.java : 51] 请求参数列表: : []
2022-04-20 18:01:10,726 INFO [XNIO-1 task-29] com.mh.jishi.config.AppLoggerAspect [AppLoggerAspect.java : 60] 接口响应状态: 0
2022-04-20 18:01:10,726 INFO [XNIO-1 task-29] com.mh.jishi.config.AppLoggerAspect [AppLoggerAspect.java : 61] 接口响应信息: 請求成功
2022-04-20 18:01:10,726 INFO [XNIO-1 task-29] com.mh.jishi.config.AppLoggerAspect [AppLoggerAspect.java : 65] 请求耗时: 2 ms
2022-04-20 18:01:10,726 INFO [XNIO-1 task-29] com.mh.jishi.config.AppLoggerAspect [AppLoggerAspect.java : 66] 请求结束时间: 2022年04月20日 18:01:10
2022-04-20 18:01:10,727 INFO [XNIO-1 task-29] com.mh.jishi.config.AppLoggerAspect [AppLoggerAspect.java : 68] ********************** app请求结束 **********************
2022-04-20 18:01:10,909 INFO [XNIO-1 task-30] com.mh.jishi.config.AppLoggerAspect [AppLoggerAspect.java : 39] ********************** app请求开始 **********************
2022-04-20 18:01:10,909 INFO [XNIO-1 task-30] com.mh.jishi.config.AppLoggerAspect [AppLoggerAspect.java : 44] 请求访问时间: 2022年04月20日 18:01:10
2022-04-20 18:01:10,909 INFO [XNIO-1 task-30] com.mh.jishi.config.AppLoggerAspect [AppLoggerAspect.java : 46] 请求url: http://localhost:8080/ts/getRandomTs
2022-04-20 18:01:10,910 INFO [XNIO-1 task-30] com.mh.jishi.config.AppLoggerAspect [AppLoggerAspect.java : 49] 请求方式: GET
2022-04-20 18:01:10,910 INFO [XNIO-1 task-30] com.mh.jishi.config.AppLoggerAspect [AppLoggerAspect.java : 51] 请求参数列表: : []
2022-04-20 18:01:10,911 INFO [XNIO-1 task-30] com.mh.jishi.config.AppLoggerAspect [AppLoggerAspect.java : 60] 接口响应状态: 0
2022-04-20 18:01:10,911 INFO [XNIO-1 task-30] com.mh.jishi.config.AppLoggerAspect [AppLoggerAspect.java : 61] 接口响应信息: 請求成功
2022-04-20 18:01:10,912 INFO [XNIO-1 task-30] com.mh.jishi.config.AppLoggerAspect [AppLoggerAspect.java : 65] 请求耗时: 3 ms
2022-04-20 18:01:10,912 INFO [XNIO-1 task-30] com.mh.jishi.config.AppLoggerAspect [AppLoggerAspect.java : 66] 请求结束时间: 2022年04月20日 18:01:10
2022-04-20 18:01:10,912 INFO [XNIO-1 task-30] com.mh.jishi.config.AppLoggerAspect [AppLoggerAspect.java : 68] ********************** app请求结束 **********************
2022-04-20 18:01:11,108 INFO [XNIO-1 task-31] com.mh.jishi.config.AppLoggerAspect [AppLoggerAspect.java : 39] ********************** app请求开始 **********************
2022-04-20 18:01:11,108 INFO [XNIO-1 task-31] com.mh.jishi.config.AppLoggerAspect [AppLoggerAspect.java : 44] 请求访问时间: 2022年04月20日 18:01:11
2022-04-20 18:01:11,108 INFO [XNIO-1 task-31] com.mh.jishi.config.AppLoggerAspect [AppLoggerAspect.java : 46] 请求url: http://localhost:8080/ts/getRandomTs
2022-04-20 18:01:11,109 INFO [XNIO-1 task-31] com.mh.jishi.config.AppLoggerAspect [AppLoggerAspect.java : 49] 请求方式: GET
2022-04-20 18:01:11,109 INFO [XNIO-1 task-31] com.mh.jishi.config.AppLoggerAspect [AppLoggerAspect.java : 51] 请求参数列表: : []
2022-04-20 18:01:11,110 INFO [XNIO-1 task-31] com.mh.jishi.config.AppLoggerAspect [AppLoggerAspect.java : 60] 接口响应状态: 0
2022-04-20 18:01:11,110 INFO [XNIO-1 task-31] com.mh.jishi.config.AppLoggerAspect [AppLoggerAspect.java : 61] 接口响应信息: 請求成功
2022-04-20 18:01:11,110 INFO [XNIO-1 task-31] com.mh.jishi.config.AppLoggerAspect [AppLoggerAspect.java : 65] 请求耗时: 2 ms
2022-04-20 18:01:11,110 INFO [XNIO-1 task-31] com.mh.jishi.config.AppLoggerAspect [AppLoggerAspect.java : 66] 请求结束时间: 2022年04月20日 18:01:11
2022-04-20 18:01:11,110 INFO [XNIO-1 task-31] com.mh.jishi.config.AppLoggerAspect [AppLoggerAspect.java : 68] ********************** app请求结束 **********************
2022-04-20 18:01:11,273 INFO [XNIO-1 task-32] com.mh.jishi.config.AppLoggerAspect [AppLoggerAspect.java : 39] ********************** app请求开始 **********************
2022-04-20 18:01:11,273 INFO [XNIO-1 task-32] com.mh.jishi.config.AppLoggerAspect [AppLoggerAspect.java : 44] 请求访问时间: 2022年04月20日 18:01:11
2022-04-20 18:01:11,273 INFO [XNIO-1 task-32] com.mh.jishi.config.AppLoggerAspect [AppLoggerAspect.java : 46] 请求url: http://localhost:8080/ts/getRandomTs
2022-04-20 18:01:11,274 INFO [XNIO-1 task-32] com.mh.jishi.config.AppLoggerAspect [AppLoggerAspect.java : 49] 请求方式: GET
2022-04-20 18:01:11,274 INFO [XNIO-1 task-32] com.mh.jishi.config.AppLoggerAspect [AppLoggerAspect.java : 51] 请求参数列表: : []
2022-04-20 18:01:11,275 INFO [XNIO-1 task-32] com.mh.jishi.config.AppLoggerAspect [AppLoggerAspect.java : 60] 接口响应状态: 0
2022-04-20 18:01:11,275 INFO [XNIO-1 task-32] com.mh.jishi.config.AppLoggerAspect [AppLoggerAspect.java : 61] 接口响应信息: 請求成功
2022-04-20 18:01:11,275 INFO [XNIO-1 task-32] com.mh.jishi.config.AppLoggerAspect [AppLoggerAspect.java : 65] 请求耗时: 2 ms
2022-04-20 18:01:11,276 INFO [XNIO-1 task-32] com.mh.jishi.config.AppLoggerAspect [AppLoggerAspect.java : 66] 请求结束时间: 2022年04月20日 18:01:11
2022-04-20 18:01:11,276 INFO [XNIO-1 task-32] com.mh.jishi.config.AppLoggerAspect [AppLoggerAspect.java : 68] ********************** app请求结束 **********************
2022-04-20 18:01:11,475 INFO [XNIO-1 task-33] com.mh.jishi.config.AppLoggerAspect [AppLoggerAspect.java : 39] ********************** app请求开始 **********************
2022-04-20 18:01:11,475 INFO [XNIO-1 task-33] com.mh.jishi.config.AppLoggerAspect [AppLoggerAspect.java : 44] 请求访问时间: 2022年04月20日 18:01:11
2022-04-20 18:01:11,475 INFO [XNIO-1 task-33] com.mh.jishi.config.AppLoggerAspect [AppLoggerAspect.java : 46] 请求url: http://localhost:8080/ts/getRandomTs
2022-04-20 18:01:11,475 INFO [XNIO-1 task-33] com.mh.jishi.config.AppLoggerAspect [AppLoggerAspect.java : 49] 请求方式: GET
2022-04-20 18:01:11,475 INFO [XNIO-1 task-33] com.mh.jishi.config.AppLoggerAspect [AppLoggerAspect.java : 51] 请求参数列表: : []
2022-04-20 18:01:11,477 INFO [XNIO-1 task-33] com.mh.jishi.config.AppLoggerAspect [AppLoggerAspect.java : 60] 接口响应状态: 0
2022-04-20 18:01:11,477 INFO [XNIO-1 task-33] com.mh.jishi.config.AppLoggerAspect [AppLoggerAspect.java : 61] 接口响应信息: 請求成功
2022-04-20 18:01:11,477 INFO [XNIO-1 task-33] com.mh.jishi.config.AppLoggerAspect [AppLoggerAspect.java : 65] 请求耗时: 2 ms
2022-04-20 18:01:11,477 INFO [XNIO-1 task-33] com.mh.jishi.config.AppLoggerAspect [AppLoggerAspect.java : 66] 请求结束时间: 2022年04月20日 18:01:11
2022-04-20 18:01:11,477 INFO [XNIO-1 task-33] com.mh.jishi.config.AppLoggerAspect [AppLoggerAspect.java : 68] ********************** app请求结束 **********************
2022-04-20 18:01:11,658 INFO [XNIO-1 task-34] com.mh.jishi.config.AppLoggerAspect [AppLoggerAspect.java : 39] ********************** app请求开始 **********************
2022-04-20 18:01:11,658 INFO [XNIO-1 task-34] com.mh.jishi.config.AppLoggerAspect [AppLoggerAspect.java : 44] 请求访问时间: 2022年04月20日 18:01:11
2022-04-20 18:01:11,658 INFO [XNIO-1 task-34] com.mh.jishi.config.AppLoggerAspect [AppLoggerAspect.java : 46] 请求url: http://localhost:8080/ts/getRandomTs
2022-04-20 18:01:11,658 INFO [XNIO-1 task-34] com.mh.jishi.config.AppLoggerAspect [AppLoggerAspect.java : 49] 请求方式: GET
2022-04-20 18:01:11,658 INFO [XNIO-1 task-34] com.mh.jishi.config.AppLoggerAspect [AppLoggerAspect.java : 51] 请求参数列表: : []
2022-04-20 18:01:11,660 INFO [XNIO-1 task-34] com.mh.jishi.config.AppLoggerAspect [AppLoggerAspect.java : 60] 接口响应状态: 0
2022-04-20 18:01:11,660 INFO [XNIO-1 task-34] com.mh.jishi.config.AppLoggerAspect [AppLoggerAspect.java : 61] 接口响应信息: 請求成功
2022-04-20 18:01:11,660 INFO [XNIO-1 task-34] com.mh.jishi.config.AppLoggerAspect [AppLoggerAspect.java : 65] 请求耗时: 2 ms
2022-04-20 18:01:11,660 INFO [XNIO-1 task-34] com.mh.jishi.config.AppLoggerAspect [AppLoggerAspect.java : 66] 请求结束时间: 2022年04月20日 18:01:11
2022-04-20 18:01:11,661 INFO [XNIO-1 task-34] com.mh.jishi.config.AppLoggerAspect [AppLoggerAspect.java : 68] ********************** app请求结束 **********************
2022-04-20 18:01:11,843 INFO [XNIO-1 task-35] com.mh.jishi.config.AppLoggerAspect [AppLoggerAspect.java : 39] ********************** app请求开始 **********************
2022-04-20 18:01:11,843 INFO [XNIO-1 task-35] com.mh.jishi.config.AppLoggerAspect [AppLoggerAspect.java : 44] 请求访问时间: 2022年04月20日 18:01:11
2022-04-20 18:01:11,843 INFO [XNIO-1 task-35] com.mh.jishi.config.AppLoggerAspect [AppLoggerAspect.java : 46] 请求url: http://localhost:8080/ts/getRandomTs
2022-04-20 18:01:11,843 INFO [XNIO-1 task-35] com.mh.jishi.config.AppLoggerAspect [AppLoggerAspect.java : 49] 请求方式: GET
2022-04-20 18:01:11,843 INFO [XNIO-1 task-35] com.mh.jishi.config.AppLoggerAspect [AppLoggerAspect.java : 51] 请求参数列表: : []
2022-04-20 18:01:11,844 INFO [XNIO-1 task-35] com.mh.jishi.config.AppLoggerAspect [AppLoggerAspect.java : 60] 接口响应状态: 0
2022-04-20 18:01:11,844 INFO [XNIO-1 task-35] com.mh.jishi.config.AppLoggerAspect [AppLoggerAspect.java : 61] 接口响应信息: 請求成功
2022-04-20 18:01:11,844 INFO [XNIO-1 task-35] com.mh.jishi.config.AppLoggerAspect [AppLoggerAspect.java : 65] 请求耗时: 1 ms
2022-04-20 18:01:11,845 INFO [XNIO-1 task-35] com.mh.jishi.config.AppLoggerAspect [AppLoggerAspect.java : 66] 请求结束时间: 2022年04月20日 18:01:11
2022-04-20 18:01:11,845 INFO [XNIO-1 task-35] com.mh.jishi.config.AppLoggerAspect [AppLoggerAspect.java : 68] ********************** app请求结束 **********************
2022-04-20 18:01:12,015 INFO [XNIO-1 task-36] com.mh.jishi.config.AppLoggerAspect [AppLoggerAspect.java : 39] ********************** app请求开始 **********************
2022-04-20 18:01:12,016 INFO [XNIO-1 task-36] com.mh.jishi.config.AppLoggerAspect [AppLoggerAspect.java : 44] 请求访问时间: 2022年04月20日 18:01:12
2022-04-20 18:01:12,016 INFO [XNIO-1 task-36] com.mh.jishi.config.AppLoggerAspect [AppLoggerAspect.java : 46] 请求url: http://localhost:8080/ts/getRandomTs
2022-04-20 18:01:12,016 INFO [XNIO-1 task-36] com.mh.jishi.config.AppLoggerAspect [AppLoggerAspect.java : 49] 请求方式: GET
2022-04-20 18:01:12,016 INFO [XNIO-1 task-36] com.mh.jishi.config.AppLoggerAspect [AppLoggerAspect.java : 51] 请求参数列表: : []
2022-04-20 18:01:12,017 INFO [XNIO-1 task-36] com.mh.jishi.config.AppLoggerAspect [AppLoggerAspect.java : 60] 接口响应状态: 0
2022-04-20 18:01:12,017 INFO [XNIO-1 task-36] com.mh.jishi.config.AppLoggerAspect [AppLoggerAspect.java : 61] 接口响应信息: 請求成功
2022-04-20 18:01:12,017 INFO [XNIO-1 task-36] com.mh.jishi.config.AppLoggerAspect [AppLoggerAspect.java : 65] 请求耗时: 1 ms
2022-04-20 18:01:12,017 INFO [XNIO-1 task-36] com.mh.jishi.config.AppLoggerAspect [AppLoggerAspect.java : 66] 请求结束时间: 2022年04月20日 18:01:12
2022-04-20 18:01:12,018 INFO [XNIO-1 task-36] com.mh.jishi.config.AppLoggerAspect [AppLoggerAspect.java : 68] ********************** app请求结束 **********************
2022-04-20 18:01:12,215 INFO [XNIO-1 task-37] com.mh.jishi.config.AppLoggerAspect [AppLoggerAspect.java : 39] ********************** app请求开始 **********************
2022-04-20 18:01:12,216 INFO [XNIO-1 task-37] com.mh.jishi.config.AppLoggerAspect [AppLoggerAspect.java : 44] 请求访问时间: 2022年04月20日 18:01:12
2022-04-20 18:01:12,216 INFO [XNIO-1 task-37] com.mh.jishi.config.AppLoggerAspect [AppLoggerAspect.java : 46] 请求url: http://localhost:8080/ts/getRandomTs
2022-04-20 18:01:12,216 INFO [XNIO-1 task-37] com.mh.jishi.config.AppLoggerAspect [AppLoggerAspect.java : 49] 请求方式: GET
2022-04-20 18:01:12,216 INFO [XNIO-1 task-37] com.mh.jishi.config.AppLoggerAspect [AppLoggerAspect.java : 51] 请求参数列表: : []
2022-04-20 18:01:12,217 INFO [XNIO-1 task-37] com.mh.jishi.config.AppLoggerAspect [AppLoggerAspect.java : 60] 接口响应状态: 0
2022-04-20 18:01:12,217 INFO [XNIO-1 task-37] com.mh.jishi.config.AppLoggerAspect [AppLoggerAspect.java : 61] 接口响应信息: 請求成功
2022-04-20 18:01:12,217 INFO [XNIO-1 task-37] com.mh.jishi.config.AppLoggerAspect [AppLoggerAspect.java : 65] 请求耗时: 1 ms
2022-04-20 18:01:12,218 INFO [XNIO-1 task-37] com.mh.jishi.config.AppLoggerAspect [AppLoggerAspect.java : 66] 请求结束时间: 2022年04月20日 18:01:12
2022-04-20 18:01:12,218 INFO [XNIO-1 task-37] com.mh.jishi.config.AppLoggerAspect [AppLoggerAspect.java : 68] ********************** app请求结束 **********************
2022-04-20 18:01:12,392 INFO [XNIO-1 task-38] com.mh.jishi.config.AppLoggerAspect [AppLoggerAspect.java : 39] ********************** app请求开始 **********************
2022-04-20 18:01:12,392 INFO [XNIO-1 task-38] com.mh.jishi.config.AppLoggerAspect [AppLoggerAspect.java : 44] 请求访问时间: 2022年04月20日 18:01:12
2022-04-20 18:01:12,392 INFO [XNIO-1 task-38] com.mh.jishi.config.AppLoggerAspect [AppLoggerAspect.java : 46] 请求url: http://localhost:8080/ts/getRandomTs
2022-04-20 18:01:12,393 INFO [XNIO-1 task-38] com.mh.jishi.config.AppLoggerAspect [AppLoggerAspect.java : 49] 请求方式: GET
2022-04-20 18:01:12,393 INFO [XNIO-1 task-38] com.mh.jishi.config.AppLoggerAspect [AppLoggerAspect.java : 51] 请求参数列表: : []
2022-04-20 18:01:12,394 INFO [XNIO-1 task-38] com.mh.jishi.config.AppLoggerAspect [AppLoggerAspect.java : 60] 接口响应状态: 0
2022-04-20 18:01:12,394 INFO [XNIO-1 task-38] com.mh.jishi.config.AppLoggerAspect [AppLoggerAspect.java : 61] 接口响应信息: 請求成功
2022-04-20 18:01:12,394 INFO [XNIO-1 task-38] com.mh.jishi.config.AppLoggerAspect [AppLoggerAspect.java : 65] 请求耗时: 2 ms
2022-04-20 18:01:12,394 INFO [XNIO-1 task-38] com.mh.jishi.config.AppLoggerAspect [AppLoggerAspect.java : 66] 请求结束时间: 2022年04月20日 18:01:12
2022-04-20 18:01:12,394 INFO [XNIO-1 task-38] com.mh.jishi.config.AppLoggerAspect [AppLoggerAspect.java : 68] ********************** app请求结束 **********************
2022-04-20 18:01:17,557 INFO [XNIO-1 task-39] com.mh.jishi.config.AppLoggerAspect [AppLoggerAspect.java : 39] ********************** app请求开始 **********************
2022-04-20 18:01:17,557 INFO [XNIO-1 task-39] com.mh.jishi.config.AppLoggerAspect [AppLoggerAspect.java : 44] 请求访问时间: 2022年04月20日 18:01:17
2022-04-20 18:01:17,558 INFO [XNIO-1 task-39] com.mh.jishi.config.AppLoggerAspect [AppLoggerAspect.java : 46] 请求url: http://localhost:8080/ts/getRandomTs
2022-04-20 18:01:17,558 INFO [XNIO-1 task-39] com.mh.jishi.config.AppLoggerAspect [AppLoggerAspect.java : 49] 请求方式: GET
2022-04-20 18:01:17,558 INFO [XNIO-1 task-39] com.mh.jishi.config.AppLoggerAspect [AppLoggerAspect.java : 51] 请求参数列表: : []
2022-04-20 18:01:17,560 INFO [XNIO-1 task-39] com.mh.jishi.config.AppLoggerAspect [AppLoggerAspect.java : 60] 接口响应状态: 0
2022-04-20 18:01:17,560 INFO [XNIO-1 task-39] com.mh.jishi.config.AppLoggerAspect [AppLoggerAspect.java : 61] 接口响应信息: 請求成功
2022-04-20 18:01:17,560 INFO [XNIO-1 task-39] com.mh.jishi.config.AppLoggerAspect [AppLoggerAspect.java : 65] 请求耗时: 3 ms
2022-04-20 18:01:17,560 INFO [XNIO-1 task-39] com.mh.jishi.config.AppLoggerAspect [AppLoggerAspect.java : 66] 请求结束时间: 2022年04月20日 18:01:17
2022-04-20 18:01:17,560 INFO [XNIO-1 task-39] com.mh.jishi.config.AppLoggerAspect [AppLoggerAspect.java : 68] ********************** app请求结束 **********************
2022-04-20 18:01:21,020 INFO [XNIO-1 task-40] com.mh.jishi.config.AppLoggerAspect [AppLoggerAspect.java : 39] ********************** app请求开始 **********************
2022-04-20 18:01:21,021 INFO [XNIO-1 task-40] com.mh.jishi.config.AppLoggerAspect [AppLoggerAspect.java : 44] 请求访问时间: 2022年04月20日 18:01:21
2022-04-20 18:01:21,022 INFO [XNIO-1 task-40] com.mh.jishi.config.AppLoggerAspect [AppLoggerAspect.java : 46] 请求url: http://localhost:8080/ts/getRandomTs
2022-04-20 18:01:21,022 INFO [XNIO-1 task-40] com.mh.jishi.config.AppLoggerAspect [AppLoggerAspect.java : 49] 请求方式: GET
2022-04-20 18:01:21,022 INFO [XNIO-1 task-40] com.mh.jishi.config.AppLoggerAspect [AppLoggerAspect.java : 51] 请求参数列表: : []
2022-04-20 18:01:21,024 INFO [XNIO-1 task-40] com.mh.jishi.config.AppLoggerAspect [AppLoggerAspect.java : 60] 接口响应状态: 0
2022-04-20 18:01:21,025 INFO [XNIO-1 task-40] com.mh.jishi.config.AppLoggerAspect [AppLoggerAspect.java : 61] 接口响应信息: 請求成功
2022-04-20 18:01:21,025 INFO [XNIO-1 task-40] com.mh.jishi.config.AppLoggerAspect [AppLoggerAspect.java : 65] 请求耗时: 4 ms
2022-04-20 18:01:21,025 INFO [XNIO-1 task-40] com.mh.jishi.config.AppLoggerAspect [AppLoggerAspect.java : 66] 请求结束时间: 2022年04月20日 18:01:21
2022-04-20 18:01:21,025 INFO [XNIO-1 task-40] com.mh.jishi.config.AppLoggerAspect [AppLoggerAspect.java : 68] ********************** app请求结束 **********************
2022-04-20 18:01:21,355 INFO [XNIO-1 task-41] com.mh.jishi.config.AppLoggerAspect [AppLoggerAspect.java : 39] ********************** app请求开始 **********************
2022-04-20 18:01:21,356 INFO [XNIO-1 task-41] com.mh.jishi.config.AppLoggerAspect [AppLoggerAspect.java : 44] 请求访问时间: 2022年04月20日 18:01:21
2022-04-20 18:01:21,356 INFO [XNIO-1 task-41] com.mh.jishi.config.AppLoggerAspect [AppLoggerAspect.java : 46] 请求url: http://localhost:8080/ts/getRandomTs
2022-04-20 18:01:21,356 INFO [XNIO-1 task-41] com.mh.jishi.config.AppLoggerAspect [AppLoggerAspect.java : 49] 请求方式: GET
2022-04-20 18:01:21,356 INFO [XNIO-1 task-41] com.mh.jishi.config.AppLoggerAspect [AppLoggerAspect.java : 51] 请求参数列表: : []
2022-04-20 18:01:21,358 INFO [XNIO-1 task-41] com.mh.jishi.config.AppLoggerAspect [AppLoggerAspect.java : 60] 接口响应状态: 0
2022-04-20 18:01:21,359 INFO [XNIO-1 task-41] com.mh.jishi.config.AppLoggerAspect [AppLoggerAspect.java : 61] 接口响应信息: 請求成功
2022-04-20 18:01:21,359 INFO [XNIO-1 task-41] com.mh.jishi.config.AppLoggerAspect [AppLoggerAspect.java : 65] 请求耗时: 3 ms
2022-04-20 18:01:21,359 INFO [XNIO-1 task-41] com.mh.jishi.config.AppLoggerAspect [AppLoggerAspect.java : 66] 请求结束时间: 2022年04月20日 18:01:21
2022-04-20 18:01:21,359 INFO [XNIO-1 task-41] com.mh.jishi.config.AppLoggerAspect [AppLoggerAspect.java : 68] ********************** app请求结束 **********************
2022-04-20 18:01:21,579 INFO [XNIO-1 task-42] com.mh.jishi.config.AppLoggerAspect [AppLoggerAspect.java : 39] ********************** app请求开始 **********************
2022-04-20 18:01:21,580 INFO [XNIO-1 task-42] com.mh.jishi.config.AppLoggerAspect [AppLoggerAspect.java : 44] 请求访问时间: 2022年04月20日 18:01:21
2022-04-20 18:01:21,580 INFO [XNIO-1 task-42] com.mh.jishi.config.AppLoggerAspect [AppLoggerAspect.java : 46] 请求url: http://localhost:8080/ts/getRandomTs
2022-04-20 18:01:21,580 INFO [XNIO-1 task-42] com.mh.jishi.config.AppLoggerAspect [AppLoggerAspect.java : 49] 请求方式: GET
2022-04-20 18:01:21,580 INFO [XNIO-1 task-42] com.mh.jishi.config.AppLoggerAspect [AppLoggerAspect.java : 51] 请求参数列表: : []
2022-04-20 18:01:21,581 INFO [XNIO-1 task-42] com.mh.jishi.config.AppLoggerAspect [AppLoggerAspect.java : 60] 接口响应状态: 0
2022-04-20 18:01:21,581 INFO [XNIO-1 task-42] com.mh.jishi.config.AppLoggerAspect [AppLoggerAspect.java : 61] 接口响应信息: 請求成功
2022-04-20 18:01:21,581 INFO [XNIO-1 task-42] com.mh.jishi.config.AppLoggerAspect [AppLoggerAspect.java : 65] 请求耗时: 1 ms
2022-04-20 18:01:21,581 INFO [XNIO-1 task-42] com.mh.jishi.config.AppLoggerAspect [AppLoggerAspect.java : 66] 请求结束时间: 2022年04月20日 18:01:21
2022-04-20 18:01:21,581 INFO [XNIO-1 task-42] com.mh.jishi.config.AppLoggerAspect [AppLoggerAspect.java : 68] ********************** app请求结束 **********************
2022-04-20 18:01:21,786 INFO [XNIO-1 task-43] com.mh.jishi.config.AppLoggerAspect [AppLoggerAspect.java : 39] ********************** app请求开始 **********************
2022-04-20 18:01:21,786 INFO [XNIO-1 task-43] com.mh.jishi.config.AppLoggerAspect [AppLoggerAspect.java : 44] 请求访问时间: 2022年04月20日 18:01:21
2022-04-20 18:01:21,787 INFO [XNIO-1 task-43] com.mh.jishi.config.AppLoggerAspect [AppLoggerAspect.java : 46] 请求url: http://localhost:8080/ts/getRandomTs
2022-04-20 18:01:21,788 INFO [XNIO-1 task-43] com.mh.jishi.config.AppLoggerAspect [AppLoggerAspect.java : 49] 请求方式: GET
2022-04-20 18:01:21,788 INFO [XNIO-1 task-43] com.mh.jishi.config.AppLoggerAspect [AppLoggerAspect.java : 51] 请求参数列表: : []
2022-04-20 18:01:21,792 INFO [XNIO-1 task-43] com.mh.jishi.config.AppLoggerAspect [AppLoggerAspect.java : 60] 接口响应状态: 0
2022-04-20 18:01:21,793 INFO [XNIO-1 task-43] com.mh.jishi.config.AppLoggerAspect [AppLoggerAspect.java : 61] 接口响应信息: 請求成功
2022-04-20 18:01:21,793 INFO [XNIO-1 task-43] com.mh.jishi.config.AppLoggerAspect [AppLoggerAspect.java : 65] 请求耗时: 7 ms
2022-04-20 18:01:21,793 INFO [XNIO-1 task-43] com.mh.jishi.config.AppLoggerAspect [AppLoggerAspect.java : 66] 请求结束时间: 2022年04月20日 18:01:21
2022-04-20 18:01:21,793 INFO [XNIO-1 task-43] com.mh.jishi.config.AppLoggerAspect [AppLoggerAspect.java : 68] ********************** app请求结束 **********************
2022-04-20 18:01:21,994 INFO [XNIO-1 task-44] com.mh.jishi.config.AppLoggerAspect [AppLoggerAspect.java : 39] ********************** app请求开始 **********************
2022-04-20 18:01:21,994 INFO [XNIO-1 task-44] com.mh.jishi.config.AppLoggerAspect [AppLoggerAspect.java : 44] 请求访问时间: 2022年04月20日 18:01:21
2022-04-20 18:01:21,995 INFO [XNIO-1 task-44] com.mh.jishi.config.AppLoggerAspect [AppLoggerAspect.java : 46] 请求url: http://localhost:8080/ts/getRandomTs
2022-04-20 18:01:21,995 INFO [XNIO-1 task-44] com.mh.jishi.config.AppLoggerAspect [AppLoggerAspect.java : 49] 请求方式: GET
2022-04-20 18:01:21,995 INFO [XNIO-1 task-44] com.mh.jishi.config.AppLoggerAspect [AppLoggerAspect.java : 51] 请求参数列表: : []
2022-04-20 18:01:21,995 INFO [XNIO-1 task-44] com.mh.jishi.config.AppLoggerAspect [AppLoggerAspect.java : 60] 接口响应状态: 0
2022-04-20 18:01:21,996 INFO [XNIO-1 task-44] com.mh.jishi.config.AppLoggerAspect [AppLoggerAspect.java : 61] 接口响应信息: 請求成功
2022-04-20 18:01:21,996 INFO [XNIO-1 task-44] com.mh.jishi.config.AppLoggerAspect [AppLoggerAspect.java : 65] 请求耗时: 2 ms
2022-04-20 18:01:21,996 INFO [XNIO-1 task-44] com.mh.jishi.config.AppLoggerAspect [AppLoggerAspect.java : 66] 请求结束时间: 2022年04月20日 18:01:21
2022-04-20 18:01:21,996 INFO [XNIO-1 task-44] com.mh.jishi.config.AppLoggerAspect [AppLoggerAspect.java : 68] ********************** app请求结束 **********************
2022-04-20 18:01:22,194 INFO [XNIO-1 task-45] com.mh.jishi.config.AppLoggerAspect [AppLoggerAspect.java : 39] ********************** app请求开始 **********************
2022-04-20 18:01:22,194 INFO [XNIO-1 task-45] com.mh.jishi.config.AppLoggerAspect [AppLoggerAspect.java : 44] 请求访问时间: 2022年04月20日 18:01:22
2022-04-20 18:01:22,195 INFO [XNIO-1 task-45] com.mh.jishi.config.AppLoggerAspect [AppLoggerAspect.java : 46] 请求url: http://localhost:8080/ts/getRandomTs
2022-04-20 18:01:22,195 INFO [XNIO-1 task-45] com.mh.jishi.config.AppLoggerAspect [AppLoggerAspect.java : 49] 请求方式: GET
2022-04-20 18:01:22,195 INFO [XNIO-1 task-45] com.mh.jishi.config.AppLoggerAspect [AppLoggerAspect.java : 51] 请求参数列表: : []
2022-04-20 18:01:22,196 INFO [XNIO-1 task-45] com.mh.jishi.config.AppLoggerAspect [AppLoggerAspect.java : 60] 接口响应状态: 0
2022-04-20 18:01:22,196 INFO [XNIO-1 task-45] com.mh.jishi.config.AppLoggerAspect [AppLoggerAspect.java : 61] 接口响应信息: 請求成功
2022-04-20 18:01:22,196 INFO [XNIO-1 task-45] com.mh.jishi.config.AppLoggerAspect [AppLoggerAspect.java : 65] 请求耗时: 2 ms
2022-04-20 18:01:22,196 INFO [XNIO-1 task-45] com.mh.jishi.config.AppLoggerAspect [AppLoggerAspect.java : 66] 请求结束时间: 2022年04月20日 18:01:22
2022-04-20 18:01:22,196 INFO [XNIO-1 task-45] com.mh.jishi.config.AppLoggerAspect [AppLoggerAspect.java : 68] ********************** app请求结束 **********************
2022-04-20 18:01:22,388 INFO [XNIO-1 task-46] com.mh.jishi.config.AppLoggerAspect [AppLoggerAspect.java : 39] ********************** app请求开始 **********************
2022-04-20 18:01:22,388 INFO [XNIO-1 task-46] com.mh.jishi.config.AppLoggerAspect [AppLoggerAspect.java : 44] 请求访问时间: 2022年04月20日 18:01:22
2022-04-20 18:01:22,388 INFO [XNIO-1 task-46] com.mh.jishi.config.AppLoggerAspect [AppLoggerAspect.java : 46] 请求url: http://localhost:8080/ts/getRandomTs
2022-04-20 18:01:22,388 INFO [XNIO-1 task-46] com.mh.jishi.config.AppLoggerAspect [AppLoggerAspect.java : 49] 请求方式: GET
2022-04-20 18:01:22,388 INFO [XNIO-1 task-46] com.mh.jishi.config.AppLoggerAspect [AppLoggerAspect.java : 51] 请求参数列表: : []
2022-04-20 18:01:22,390 INFO [XNIO-1 task-46] com.mh.jishi.config.AppLoggerAspect [AppLoggerAspect.java : 60] 接口响应状态: 0
2022-04-20 18:01:22,390 INFO [XNIO-1 task-46] com.mh.jishi.config.AppLoggerAspect [AppLoggerAspect.java : 61] 接口响应信息: 請求成功
2022-04-20 18:01:22,390 INFO [XNIO-1 task-46] com.mh.jishi.config.AppLoggerAspect [AppLoggerAspect.java : 65] 请求耗时: 2 ms
2022-04-20 18:01:22,390 INFO [XNIO-1 task-46] com.mh.jishi.config.AppLoggerAspect [AppLoggerAspect.java : 66] 请求结束时间: 2022年04月20日 18:01:22
2022-04-20 18:01:22,390 INFO [XNIO-1 task-46] com.mh.jishi.config.AppLoggerAspect [AppLoggerAspect.java : 68] ********************** app请求结束 **********************
2022-04-20 18:01:22,576 INFO [XNIO-1 task-47] com.mh.jishi.config.AppLoggerAspect [AppLoggerAspect.java : 39] ********************** app请求开始 **********************
2022-04-20 18:01:22,576 INFO [XNIO-1 task-47] com.mh.jishi.config.AppLoggerAspect [AppLoggerAspect.java : 44] 请求访问时间: 2022年04月20日 18:01:22
2022-04-20 18:01:22,576 INFO [XNIO-1 task-47] com.mh.jishi.config.AppLoggerAspect [AppLoggerAspect.java : 46] 请求url: http://localhost:8080/ts/getRandomTs
2022-04-20 18:01:22,576 INFO [XNIO-1 task-47] com.mh.jishi.config.AppLoggerAspect [AppLoggerAspect.java : 49] 请求方式: GET
2022-04-20 18:01:22,576 INFO [XNIO-1 task-47] com.mh.jishi.config.AppLoggerAspect [AppLoggerAspect.java : 51] 请求参数列表: : []
2022-04-20 18:01:22,577 INFO [XNIO-1 task-47] com.mh.jishi.config.AppLoggerAspect [AppLoggerAspect.java : 60] 接口响应状态: 0
2022-04-20 18:01:22,577 INFO [XNIO-1 task-47] com.mh.jishi.config.AppLoggerAspect [AppLoggerAspect.java : 61] 接口响应信息: 請求成功
2022-04-20 18:01:22,577 INFO [XNIO-1 task-47] com.mh.jishi.config.AppLoggerAspect [AppLoggerAspect.java : 65] 请求耗时: 1 ms
2022-04-20 18:01:22,577 INFO [XNIO-1 task-47] com.mh.jishi.config.AppLoggerAspect [AppLoggerAspect.java : 66] 请求结束时间: 2022年04月20日 18:01:22
2022-04-20 18:01:22,578 INFO [XNIO-1 task-47] com.mh.jishi.config.AppLoggerAspect [AppLoggerAspect.java : 68] ********************** app请求结束 **********************
2022-04-20 18:01:22,792 INFO [XNIO-1 task-48] com.mh.jishi.config.AppLoggerAspect [AppLoggerAspect.java : 39] ********************** app请求开始 **********************
2022-04-20 18:01:22,793 INFO [XNIO-1 task-48] com.mh.jishi.config.AppLoggerAspect [AppLoggerAspect.java : 44] 请求访问时间: 2022年04月20日 18:01:22
2022-04-20 18:01:22,793 INFO [XNIO-1 task-48] com.mh.jishi.config.AppLoggerAspect [AppLoggerAspect.java : 46] 请求url: http://localhost:8080/ts/getRandomTs
2022-04-20 18:01:22,793 INFO [XNIO-1 task-48] com.mh.jishi.config.AppLoggerAspect [AppLoggerAspect.java : 49] 请求方式: GET
2022-04-20 18:01:22,793 INFO [XNIO-1 task-48] com.mh.jishi.config.AppLoggerAspect [AppLoggerAspect.java : 51] 请求参数列表: : []
2022-04-20 18:01:22,794 INFO [XNIO-1 task-48] com.mh.jishi.config.AppLoggerAspect [AppLoggerAspect.java : 60] 接口响应状态: 0
2022-04-20 18:01:22,795 INFO [XNIO-1 task-48] com.mh.jishi.config.AppLoggerAspect [AppLoggerAspect.java : 61] 接口响应信息: 請求成功
2022-04-20 18:01:22,795 INFO [XNIO-1 task-48] com.mh.jishi.config.AppLoggerAspect [AppLoggerAspect.java : 65] 请求耗时: 2 ms
2022-04-20 18:01:22,795 INFO [XNIO-1 task-48] com.mh.jishi.config.AppLoggerAspect [AppLoggerAspect.java : 66] 请求结束时间: 2022年04月20日 18:01:22
2022-04-20 18:01:22,795 INFO [XNIO-1 task-48] com.mh.jishi.config.AppLoggerAspect [AppLoggerAspect.java : 68] ********************** app请求结束 **********************
2022-04-20 18:01:22,993 INFO [XNIO-1 task-49] com.mh.jishi.config.AppLoggerAspect [AppLoggerAspect.java : 39] ********************** app请求开始 **********************
2022-04-20 18:01:22,994 INFO [XNIO-1 task-49] com.mh.jishi.config.AppLoggerAspect [AppLoggerAspect.java : 44] 请求访问时间: 2022年04月20日 18:01:22
2022-04-20 18:01:22,994 INFO [XNIO-1 task-49] com.mh.jishi.config.AppLoggerAspect [AppLoggerAspect.java : 46] 请求url: http://localhost:8080/ts/getRandomTs
2022-04-20 18:01:22,994 INFO [XNIO-1 task-49] com.mh.jishi.config.AppLoggerAspect [AppLoggerAspect.java : 49] 请求方式: GET
2022-04-20 18:01:22,994 INFO [XNIO-1 task-49] com.mh.jishi.config.AppLoggerAspect [AppLoggerAspect.java : 51] 请求参数列表: : []
2022-04-20 18:01:22,995 INFO [XNIO-1 task-49] com.mh.jishi.config.AppLoggerAspect [AppLoggerAspect.java : 60] 接口响应状态: 0
2022-04-20 18:01:22,995 INFO [XNIO-1 task-49] com.mh.jishi.config.AppLoggerAspect [AppLoggerAspect.java : 61] 接口响应信息: 請求成功
2022-04-20 18:01:22,996 INFO [XNIO-1 task-49] com.mh.jishi.config.AppLoggerAspect [AppLoggerAspect.java : 65] 请求耗时: 2 ms
2022-04-20 18:01:22,996 INFO [XNIO-1 task-49] com.mh.jishi.config.AppLoggerAspect [AppLoggerAspect.java : 66] 请求结束时间: 2022年04月20日 18:01:22
2022-04-20 18:01:22,996 INFO [XNIO-1 task-49] com.mh.jishi.config.AppLoggerAspect [AppLoggerAspect.java : 68] ********************** app请求结束 **********************
2022-04-20 18:01:23,193 INFO [XNIO-1 task-50] com.mh.jishi.config.AppLoggerAspect [AppLoggerAspect.java : 39] ********************** app请求开始 **********************
2022-04-20 18:01:23,194 INFO [XNIO-1 task-50] com.mh.jishi.config.AppLoggerAspect [AppLoggerAspect.java : 44] 请求访问时间: 2022年04月20日 18:01:23
2022-04-20 18:01:23,194 INFO [XNIO-1 task-50] com.mh.jishi.config.AppLoggerAspect [AppLoggerAspect.java : 46] 请求url: http://localhost:8080/ts/getRandomTs
2022-04-20 18:01:23,194 INFO [XNIO-1 task-50] com.mh.jishi.config.AppLoggerAspect [AppLoggerAspect.java : 49] 请求方式: GET
2022-04-20 18:01:23,194 INFO [XNIO-1 task-50] com.mh.jishi.config.AppLoggerAspect [AppLoggerAspect.java : 51] 请求参数列表: : []
2022-04-20 18:01:23,195 INFO [XNIO-1 task-50] com.mh.jishi.config.AppLoggerAspect [AppLoggerAspect.java : 60] 接口响应状态: 0
2022-04-20 18:01:23,195 INFO [XNIO-1 task-50] com.mh.jishi.config.AppLoggerAspect [AppLoggerAspect.java : 61] 接口响应信息: 請求成功
2022-04-20 18:01:23,195 INFO [XNIO-1 task-50] com.mh.jishi.config.AppLoggerAspect [AppLoggerAspect.java : 65] 请求耗时: 1 ms
2022-04-20 18:01:23,196 INFO [XNIO-1 task-50] com.mh.jishi.config.AppLoggerAspect [AppLoggerAspect.java : 66] 请求结束时间: 2022年04月20日 18:01:23
2022-04-20 18:01:23,196 INFO [XNIO-1 task-50] com.mh.jishi.config.AppLoggerAspect [AppLoggerAspect.java : 68] ********************** app请求结束 **********************
2022-04-20 18:01:23,410 INFO [XNIO-1 task-51] com.mh.jishi.config.AppLoggerAspect [AppLoggerAspect.java : 39] ********************** app请求开始 **********************
2022-04-20 18:01:23,410 INFO [XNIO-1 task-51] com.mh.jishi.config.AppLoggerAspect [AppLoggerAspect.java : 44] 请求访问时间: 2022年04月20日 18:01:23
2022-04-20 18:01:23,411 INFO [XNIO-1 task-51] com.mh.jishi.config.AppLoggerAspect [AppLoggerAspect.java : 46] 请求url: http://localhost:8080/ts/getRandomTs
2022-04-20 18:01:23,411 INFO [XNIO-1 task-51] com.mh.jishi.config.AppLoggerAspect [AppLoggerAspect.java : 49] 请求方式: GET
2022-04-20 18:01:23,411 INFO [XNIO-1 task-51] com.mh.jishi.config.AppLoggerAspect [AppLoggerAspect.java : 51] 请求参数列表: : []
2022-04-20 18:01:23,412 INFO [XNIO-1 task-51] com.mh.jishi.config.AppLoggerAspect [AppLoggerAspect.java : 60] 接口响应状态: 0
2022-04-20 18:01:23,412 INFO [XNIO-1 task-51] com.mh.jishi.config.AppLoggerAspect [AppLoggerAspect.java : 61] 接口响应信息: 請求成功
2022-04-20 18:01:23,413 INFO [XNIO-1 task-51] com.mh.jishi.config.AppLoggerAspect [AppLoggerAspect.java : 65] 请求耗时: 3 ms
2022-04-20 18:01:23,413 INFO [XNIO-1 task-51] com.mh.jishi.config.AppLoggerAspect [AppLoggerAspect.java : 66] 请求结束时间: 2022年04月20日 18:01:23
2022-04-20 18:01:23,413 INFO [XNIO-1 task-51] com.mh.jishi.config.AppLoggerAspect [AppLoggerAspect.java : 68] ********************** app请求结束 **********************
2022-04-20 18:01:23,624 INFO [XNIO-1 task-52] com.mh.jishi.config.AppLoggerAspect [AppLoggerAspect.java : 39] ********************** app请求开始 **********************
2022-04-20 18:01:23,624 INFO [XNIO-1 task-52] com.mh.jishi.config.AppLoggerAspect [AppLoggerAspect.java : 44] 请求访问时间: 2022年04月20日 18:01:23
2022-04-20 18:01:23,625 INFO [XNIO-1 task-52] com.mh.jishi.config.AppLoggerAspect [AppLoggerAspect.java : 46] 请求url: http://localhost:8080/ts/getRandomTs
2022-04-20 18:01:23,625 INFO [XNIO-1 task-52] com.mh.jishi.config.AppLoggerAspect [AppLoggerAspect.java : 49] 请求方式: GET
2022-04-20 18:01:23,625 INFO [XNIO-1 task-52] com.mh.jishi.config.AppLoggerAspect [AppLoggerAspect.java : 51] 请求参数列表: : []
2022-04-20 18:01:23,626 INFO [XNIO-1 task-52] com.mh.jishi.config.AppLoggerAspect [AppLoggerAspect.java : 60] 接口响应状态: 0
2022-04-20 18:01:23,626 INFO [XNIO-1 task-52] com.mh.jishi.config.AppLoggerAspect [AppLoggerAspect.java : 61] 接口响应信息: 請求成功
2022-04-20 18:01:23,626 INFO [XNIO-1 task-52] com.mh.jishi.config.AppLoggerAspect [AppLoggerAspect.java : 65] 请求耗时: 2 ms
2022-04-20 18:01:23,627 INFO [XNIO-1 task-52] com.mh.jishi.config.AppLoggerAspect [AppLoggerAspect.java : 66] 请求结束时间: 2022年04月20日 18:01:23
2022-04-20 18:01:23,627 INFO [XNIO-1 task-52] com.mh.jishi.config.AppLoggerAspect [AppLoggerAspect.java : 68] ********************** app请求结束 **********************
2022-04-20 18:01:23,848 INFO [XNIO-1 task-53] com.mh.jishi.config.AppLoggerAspect [AppLoggerAspect.java : 39] ********************** app请求开始 **********************
2022-04-20 18:01:23,849 INFO [XNIO-1 task-53] com.mh.jishi.config.AppLoggerAspect [AppLoggerAspect.java : 44] 请求访问时间: 2022年04月20日 18:01:23
2022-04-20 18:01:23,849 INFO [XNIO-1 task-53] com.mh.jishi.config.AppLoggerAspect [AppLoggerAspect.java : 46] 请求url: http://localhost:8080/ts/getRandomTs
2022-04-20 18:01:23,849 INFO [XNIO-1 task-53] com.mh.jishi.config.AppLoggerAspect [AppLoggerAspect.java : 49] 请求方式: GET
2022-04-20 18:01:23,849 INFO [XNIO-1 task-53] com.mh.jishi.config.AppLoggerAspect [AppLoggerAspect.java : 51] 请求参数列表: : []
2022-04-20 18:01:23,850 INFO [XNIO-1 task-53] com.mh.jishi.config.AppLoggerAspect [AppLoggerAspect.java : 60] 接口响应状态: 0
2022-04-20 18:01:23,850 INFO [XNIO-1 task-53] com.mh.jishi.config.AppLoggerAspect [AppLoggerAspect.java : 61] 接口响应信息: 請求成功
2022-04-20 18:01:23,850 INFO [XNIO-1 task-53] com.mh.jishi.config.AppLoggerAspect [AppLoggerAspect.java : 65] 请求耗时: 1 ms
2022-04-20 18:01:23,850 INFO [XNIO-1 task-53] com.mh.jishi.config.AppLoggerAspect [AppLoggerAspect.java : 66] 请求结束时间: 2022年04月20日 18:01:23
2022-04-20 18:01:23,850 INFO [XNIO-1 task-53] com.mh.jishi.config.AppLoggerAspect [AppLoggerAspect.java : 68] ********************** app请求结束 **********************
2022-04-20 18:01:24,049 INFO [XNIO-1 task-54] com.mh.jishi.config.AppLoggerAspect [AppLoggerAspect.java : 39] ********************** app请求开始 **********************
2022-04-20 18:01:24,049 INFO [XNIO-1 task-54] com.mh.jishi.config.AppLoggerAspect [AppLoggerAspect.java : 44] 请求访问时间: 2022年04月20日 18:01:24
2022-04-20 18:01:24,050 INFO [XNIO-1 task-54] com.mh.jishi.config.AppLoggerAspect [AppLoggerAspect.java : 46] 请求url: http://localhost:8080/ts/getRandomTs
2022-04-20 18:01:24,050 INFO [XNIO-1 task-54] com.mh.jishi.config.AppLoggerAspect [AppLoggerAspect.java : 49] 请求方式: GET
2022-04-20 18:01:24,050 INFO [XNIO-1 task-54] com.mh.jishi.config.AppLoggerAspect [AppLoggerAspect.java : 51] 请求参数列表: : []
2022-04-20 18:01:24,052 INFO [XNIO-1 task-54] com.mh.jishi.config.AppLoggerAspect [AppLoggerAspect.java : 60] 接口响应状态: 0
2022-04-20 18:01:24,052 INFO [XNIO-1 task-54] com.mh.jishi.config.AppLoggerAspect [AppLoggerAspect.java : 61] 接口响应信息: 請求成功
2022-04-20 18:01:24,052 INFO [XNIO-1 task-54] com.mh.jishi.config.AppLoggerAspect [AppLoggerAspect.java : 65] 请求耗时: 3 ms
2022-04-20 18:01:24,052 INFO [XNIO-1 task-54] com.mh.jishi.config.AppLoggerAspect [AppLoggerAspect.java : 66] 请求结束时间: 2022年04月20日 18:01:24
2022-04-20 18:01:24,052 INFO [XNIO-1 task-54] com.mh.jishi.config.AppLoggerAspect [AppLoggerAspect.java : 68] ********************** app请求结束 **********************
2022-04-20 18:01:24,264 INFO [XNIO-1 task-55] com.mh.jishi.config.AppLoggerAspect [AppLoggerAspect.java : 39] ********************** app请求开始 **********************
2022-04-20 18:01:24,264 INFO [XNIO-1 task-55] com.mh.jishi.config.AppLoggerAspect [AppLoggerAspect.java : 44] 请求访问时间: 2022年04月20日 18:01:24
2022-04-20 18:01:24,265 INFO [XNIO-1 task-55] com.mh.jishi.config.AppLoggerAspect [AppLoggerAspect.java : 46] 请求url: http://localhost:8080/ts/getRandomTs
2022-04-20 18:01:24,265 INFO [XNIO-1 task-55] com.mh.jishi.config.AppLoggerAspect [AppLoggerAspect.java : 49] 请求方式: GET
2022-04-20 18:01:24,265 INFO [XNIO-1 task-55] com.mh.jishi.config.AppLoggerAspect [AppLoggerAspect.java : 51] 请求参数列表: : []
2022-04-20 18:01:24,266 INFO [XNIO-1 task-55] com.mh.jishi.config.AppLoggerAspect [AppLoggerAspect.java : 60] 接口响应状态: 0
2022-04-20 18:01:24,266 INFO [XNIO-1 task-55] com.mh.jishi.config.AppLoggerAspect [AppLoggerAspect.java : 61] 接口响应信息: 請求成功
2022-04-20 18:01:24,266 INFO [XNIO-1 task-55] com.mh.jishi.config.AppLoggerAspect [AppLoggerAspect.java : 65] 请求耗时: 2 ms
2022-04-20 18:01:24,266 INFO [XNIO-1 task-55] com.mh.jishi.config.AppLoggerAspect [AppLoggerAspect.java : 66] 请求结束时间: 2022年04月20日 18:01:24
2022-04-20 18:01:24,266 INFO [XNIO-1 task-55] com.mh.jishi.config.AppLoggerAspect [AppLoggerAspect.java : 68] ********************** app请求结束 **********************
2022-04-20 18:01:24,464 INFO [XNIO-1 task-56] com.mh.jishi.config.AppLoggerAspect [AppLoggerAspect.java : 39] ********************** app请求开始 **********************
2022-04-20 18:01:24,465 INFO [XNIO-1 task-56] com.mh.jishi.config.AppLoggerAspect [AppLoggerAspect.java : 44] 请求访问时间: 2022年04月20日 18:01:24
2022-04-20 18:01:24,465 INFO [XNIO-1 task-56] com.mh.jishi.config.AppLoggerAspect [AppLoggerAspect.java : 46] 请求url: http://localhost:8080/ts/getRandomTs
2022-04-20 18:01:24,465 INFO [XNIO-1 task-56] com.mh.jishi.config.AppLoggerAspect [AppLoggerAspect.java : 49] 请求方式: GET
2022-04-20 18:01:24,465 INFO [XNIO-1 task-56] com.mh.jishi.config.AppLoggerAspect [AppLoggerAspect.java : 51] 请求参数列表: : []
2022-04-20 18:01:24,466 INFO [XNIO-1 task-56] com.mh.jishi.config.AppLoggerAspect [AppLoggerAspect.java : 60] 接口响应状态: 0
2022-04-20 18:01:24,466 INFO [XNIO-1 task-56] com.mh.jishi.config.AppLoggerAspect [AppLoggerAspect.java : 61] 接口响应信息: 請求成功
2022-04-20 18:01:24,466 INFO [XNIO-1 task-56] com.mh.jishi.config.AppLoggerAspect [AppLoggerAspect.java : 65] 请求耗时: 1 ms
2022-04-20 18:01:24,466 INFO [XNIO-1 task-56] com.mh.jishi.config.AppLoggerAspect [AppLoggerAspect.java : 66] 请求结束时间: 2022年04月20日 18:01:24
2022-04-20 18:01:24,467 INFO [XNIO-1 task-56] com.mh.jishi.config.AppLoggerAspect [AppLoggerAspect.java : 68] ********************** app请求结束 **********************
2022-04-20 18:01:24,665 INFO [XNIO-1 task-57] com.mh.jishi.config.AppLoggerAspect [AppLoggerAspect.java : 39] ********************** app请求开始 **********************
2022-04-20 18:01:24,665 INFO [XNIO-1 task-57] com.mh.jishi.config.AppLoggerAspect [AppLoggerAspect.java : 44] 请求访问时间: 2022年04月20日 18:01:24
2022-04-20 18:01:24,665 INFO [XNIO-1 task-57] com.mh.jishi.config.AppLoggerAspect [AppLoggerAspect.java : 46] 请求url: http://localhost:8080/ts/getRandomTs
2022-04-20 18:01:24,665 INFO [XNIO-1 task-57] com.mh.jishi.config.AppLoggerAspect [AppLoggerAspect.java : 49] 请求方式: GET
2022-04-20 18:01:24,665 INFO [XNIO-1 task-57] com.mh.jishi.config.AppLoggerAspect [AppLoggerAspect.java : 51] 请求参数列表: : []
2022-04-20 18:01:24,666 INFO [XNIO-1 task-57] com.mh.jishi.config.AppLoggerAspect [AppLoggerAspect.java : 60] 接口响应状态: 0
2022-04-20 18:01:24,666 INFO [XNIO-1 task-57] com.mh.jishi.config.AppLoggerAspect [AppLoggerAspect.java : 61] 接口响应信息: 請求成功
2022-04-20 18:01:24,666 INFO [XNIO-1 task-57] com.mh.jishi.config.AppLoggerAspect [AppLoggerAspect.java : 65] 请求耗时: 1 ms
2022-04-20 18:01:24,666 INFO [XNIO-1 task-57] com.mh.jishi.config.AppLoggerAspect [AppLoggerAspect.java : 66] 请求结束时间: 2022年04月20日 18:01:24
2022-04-20 18:01:24,666 INFO [XNIO-1 task-57] com.mh.jishi.config.AppLoggerAspect [AppLoggerAspect.java : 68] ********************** app请求结束 **********************
2022-04-20 18:01:24,859 INFO [XNIO-1 task-58] com.mh.jishi.config.AppLoggerAspect [AppLoggerAspect.java : 39] ********************** app请求开始 **********************
2022-04-20 18:01:24,859 INFO [XNIO-1 task-58] com.mh.jishi.config.AppLoggerAspect [AppLoggerAspect.java : 44] 请求访问时间: 2022年04月20日 18:01:24
2022-04-20 18:01:24,860 INFO [XNIO-1 task-58] com.mh.jishi.config.AppLoggerAspect [AppLoggerAspect.java : 46] 请求url: http://localhost:8080/ts/getRandomTs
2022-04-20 18:01:24,860 INFO [XNIO-1 task-58] com.mh.jishi.config.AppLoggerAspect [AppLoggerAspect.java : 49] 请求方式: GET
2022-04-20 18:01:24,860 INFO [XNIO-1 task-58] com.mh.jishi.config.AppLoggerAspect [AppLoggerAspect.java : 51] 请求参数列表: : []
2022-04-20 18:01:24,861 INFO [XNIO-1 task-58] com.mh.jishi.config.AppLoggerAspect [AppLoggerAspect.java : 60] 接口响应状态: 0
2022-04-20 18:01:24,861 INFO [XNIO-1 task-58] com.mh.jishi.config.AppLoggerAspect [AppLoggerAspect.java : 61] 接口响应信息: 請求成功
2022-04-20 18:01:24,861 INFO [XNIO-1 task-58] com.mh.jishi.config.AppLoggerAspect [AppLoggerAspect.java : 65] 请求耗时: 2 ms
2022-04-20 18:01:24,862 INFO [XNIO-1 task-58] com.mh.jishi.config.AppLoggerAspect [AppLoggerAspect.java : 66] 请求结束时间: 2022年04月20日 18:01:24
2022-04-20 18:01:24,862 INFO [XNIO-1 task-58] com.mh.jishi.config.AppLoggerAspect [AppLoggerAspect.java : 68] ********************** app请求结束 **********************
2022-04-20 18:01:25,042 INFO [XNIO-1 task-59] com.mh.jishi.config.AppLoggerAspect [AppLoggerAspect.java : 39] ********************** app请求开始 **********************
2022-04-20 18:01:25,043 INFO [XNIO-1 task-59] com.mh.jishi.config.AppLoggerAspect [AppLoggerAspect.java : 44] 请求访问时间: 2022年04月20日 18:01:25
2022-04-20 18:01:25,043 INFO [XNIO-1 task-59] com.mh.jishi.config.AppLoggerAspect [AppLoggerAspect.java : 46] 请求url: http://localhost:8080/ts/getRandomTs
2022-04-20 18:01:25,043 INFO [XNIO-1 task-59] com.mh.jishi.config.AppLoggerAspect [AppLoggerAspect.java : 49] 请求方式: GET
2022-04-20 18:01:25,043 INFO [XNIO-1 task-59] com.mh.jishi.config.AppLoggerAspect [AppLoggerAspect.java : 51] 请求参数列表: : []
2022-04-20 18:01:25,045 INFO [XNIO-1 task-59] com.mh.jishi.config.AppLoggerAspect [AppLoggerAspect.java : 60] 接口响应状态: 0
2022-04-20 18:01:25,045 INFO [XNIO-1 task-59] com.mh.jishi.config.AppLoggerAspect [AppLoggerAspect.java : 61] 接口响应信息: 請求成功
2022-04-20 18:01:25,045 INFO [XNIO-1 task-59] com.mh.jishi.config.AppLoggerAspect [AppLoggerAspect.java : 65] 请求耗时: 2 ms
2022-04-20 18:01:25,045 INFO [XNIO-1 task-59] com.mh.jishi.config.AppLoggerAspect [AppLoggerAspect.java : 66] 请求结束时间: 2022年04月20日 18:01:25
2022-04-20 18:01:25,045 INFO [XNIO-1 task-59] com.mh.jishi.config.AppLoggerAspect [AppLoggerAspect.java : 68] ********************** app请求结束 **********************
2022-04-20 18:01:25,224 INFO [XNIO-1 task-60] com.mh.jishi.config.AppLoggerAspect [AppLoggerAspect.java : 39] ********************** app请求开始 **********************
2022-04-20 18:01:25,225 INFO [XNIO-1 task-60] com.mh.jishi.config.AppLoggerAspect [AppLoggerAspect.java : 44] 请求访问时间: 2022年04月20日 18:01:25
2022-04-20 18:01:25,225 INFO [XNIO-1 task-60] com.mh.jishi.config.AppLoggerAspect [AppLoggerAspect.java : 46] 请求url: http://localhost:8080/ts/getRandomTs
2022-04-20 18:01:25,225 INFO [XNIO-1 task-60] com.mh.jishi.config.AppLoggerAspect [AppLoggerAspect.java : 49] 请求方式: GET
2022-04-20 18:01:25,225 INFO [XNIO-1 task-60] com.mh.jishi.config.AppLoggerAspect [AppLoggerAspect.java : 51] 请求参数列表: : []
2022-04-20 18:01:25,226 INFO [XNIO-1 task-60] com.mh.jishi.config.AppLoggerAspect [AppLoggerAspect.java : 60] 接口响应状态: 0
2022-04-20 18:01:25,226 INFO [XNIO-1 task-60] com.mh.jishi.config.AppLoggerAspect [AppLoggerAspect.java : 61] 接口响应信息: 請求成功
2022-04-20 18:01:25,226 INFO [XNIO-1 task-60] com.mh.jishi.config.AppLoggerAspect [AppLoggerAspect.java : 65] 请求耗时: 1 ms
2022-04-20 18:01:25,226 INFO [XNIO-1 task-60] com.mh.jishi.config.AppLoggerAspect [AppLoggerAspect.java : 66] 请求结束时间: 2022年04月20日 18:01:25
2022-04-20 18:01:25,226 INFO [XNIO-1 task-60] com.mh.jishi.config.AppLoggerAspect [AppLoggerAspect.java : 68] ********************** app请求结束 **********************
2022-04-20 18:01:25,420 INFO [XNIO-1 task-61] com.mh.jishi.config.AppLoggerAspect [AppLoggerAspect.java : 39] ********************** app请求开始 **********************
2022-04-20 18:01:25,420 INFO [XNIO-1 task-61] com.mh.jishi.config.AppLoggerAspect [AppLoggerAspect.java : 44] 请求访问时间: 2022年04月20日 18:01:25
2022-04-20 18:01:25,421 INFO [XNIO-1 task-61] com.mh.jishi.config.AppLoggerAspect [AppLoggerAspect.java : 46] 请求url: http://localhost:8080/ts/getRandomTs
2022-04-20 18:01:25,421 INFO [XNIO-1 task-61] com.mh.jishi.config.AppLoggerAspect [AppLoggerAspect.java : 49] 请求方式: GET
2022-04-20 18:01:25,422 INFO [XNIO-1 task-61] com.mh.jishi.config.AppLoggerAspect [AppLoggerAspect.java : 51] 请求参数列表: : []
2022-04-20 18:01:25,423 INFO [XNIO-1 task-61] com.mh.jishi.config.AppLoggerAspect [AppLoggerAspect.java : 60] 接口响应状态: 0
2022-04-20 18:01:25,423 INFO [XNIO-1 task-61] com.mh.jishi.config.AppLoggerAspect [AppLoggerAspect.java : 61] 接口响应信息: 請求成功
2022-04-20 18:01:25,423 INFO [XNIO-1 task-61] com.mh.jishi.config.AppLoggerAspect [AppLoggerAspect.java : 65] 请求耗时: 3 ms
2022-04-20 18:01:25,423 INFO [XNIO-1 task-61] com.mh.jishi.config.AppLoggerAspect [AppLoggerAspect.java : 66] 请求结束时间: 2022年04月20日 18:01:25
2022-04-20 18:01:25,424 INFO [XNIO-1 task-61] com.mh.jishi.config.AppLoggerAspect [AppLoggerAspect.java : 68] ********************** app请求结束 **********************
2022-04-20 18:01:25,641 INFO [XNIO-1 task-62] com.mh.jishi.config.AppLoggerAspect [AppLoggerAspect.java : 39] ********************** app请求开始 **********************
2022-04-20 18:01:25,642 INFO [XNIO-1 task-62] com.mh.jishi.config.AppLoggerAspect [AppLoggerAspect.java : 44] 请求访问时间: 2022年04月20日 18:01:25
2022-04-20 18:01:25,642 INFO [XNIO-1 task-62] com.mh.jishi.config.AppLoggerAspect [AppLoggerAspect.java : 46] 请求url: http://localhost:8080/ts/getRandomTs
2022-04-20 18:01:25,642 INFO [XNIO-1 task-62] com.mh.jishi.config.AppLoggerAspect [AppLoggerAspect.java : 49] 请求方式: GET
2022-04-20 18:01:25,642 INFO [XNIO-1 task-62] com.mh.jishi.config.AppLoggerAspect [AppLoggerAspect.java : 51] 请求参数列表: : []
2022-04-20 18:01:25,643 INFO [XNIO-1 task-62] com.mh.jishi.config.AppLoggerAspect [AppLoggerAspect.java : 60] 接口响应状态: 0
2022-04-20 18:01:25,643 INFO [XNIO-1 task-62] com.mh.jishi.config.AppLoggerAspect [AppLoggerAspect.java : 61] 接口响应信息: 請求成功
2022-04-20 18:01:25,644 INFO [XNIO-1 task-62] com.mh.jishi.config.AppLoggerAspect [AppLoggerAspect.java : 65] 请求耗时: 2 ms
2022-04-20 18:01:25,644 INFO [XNIO-1 task-62] com.mh.jishi.config.AppLoggerAspect [AppLoggerAspect.java : 66] 请求结束时间: 2022年04月20日 18:01:25
2022-04-20 18:01:25,644 INFO [XNIO-1 task-62] com.mh.jishi.config.AppLoggerAspect [AppLoggerAspect.java : 68] ********************** app请求结束 **********************
2022-04-20 18:01:25,827 INFO [XNIO-1 task-63] com.mh.jishi.config.AppLoggerAspect [AppLoggerAspect.java : 39] ********************** app请求开始 **********************
2022-04-20 18:01:25,828 INFO [XNIO-1 task-63] com.mh.jishi.config.AppLoggerAspect [AppLoggerAspect.java : 44] 请求访问时间: 2022年04月20日 18:01:25
2022-04-20 18:01:25,828 INFO [XNIO-1 task-63] com.mh.jishi.config.AppLoggerAspect [AppLoggerAspect.java : 46] 请求url: http://localhost:8080/ts/getRandomTs
2022-04-20 18:01:25,828 INFO [XNIO-1 task-63] com.mh.jishi.config.AppLoggerAspect [AppLoggerAspect.java : 49] 请求方式: GET
2022-04-20 18:01:25,828 INFO [XNIO-1 task-63] com.mh.jishi.config.AppLoggerAspect [AppLoggerAspect.java : 51] 请求参数列表: : []
2022-04-20 18:01:25,829 INFO [XNIO-1 task-63] com.mh.jishi.config.AppLoggerAspect [AppLoggerAspect.java : 60] 接口响应状态: 0
2022-04-20 18:01:25,829 INFO [XNIO-1 task-63] com.mh.jishi.config.AppLoggerAspect [AppLoggerAspect.java : 61] 接口响应信息: 請求成功
2022-04-20 18:01:25,829 INFO [XNIO-1 task-63] com.mh.jishi.config.AppLoggerAspect [AppLoggerAspect.java : 65] 请求耗时: 2 ms
2022-04-20 18:01:25,829 INFO [XNIO-1 task-63] com.mh.jishi.config.AppLoggerAspect [AppLoggerAspect.java : 66] 请求结束时间: 2022年04月20日 18:01:25
2022-04-20 18:01:25,830 INFO [XNIO-1 task-63] com.mh.jishi.config.AppLoggerAspect [AppLoggerAspect.java : 68] ********************** app请求结束 **********************
2022-04-20 18:01:26,042 INFO [XNIO-1 task-64] com.mh.jishi.config.AppLoggerAspect [AppLoggerAspect.java : 39] ********************** app请求开始 **********************
2022-04-20 18:01:26,042 INFO [XNIO-1 task-64] com.mh.jishi.config.AppLoggerAspect [AppLoggerAspect.java : 44] 请求访问时间: 2022年04月20日 18:01:26
2022-04-20 18:01:26,043 INFO [XNIO-1 task-64] com.mh.jishi.config.AppLoggerAspect [AppLoggerAspect.java : 46] 请求url: http://localhost:8080/ts/getRandomTs
2022-04-20 18:01:26,043 INFO [XNIO-1 task-64] com.mh.jishi.config.AppLoggerAspect [AppLoggerAspect.java : 49] 请求方式: GET
2022-04-20 18:01:26,043 INFO [XNIO-1 task-64] com.mh.jishi.config.AppLoggerAspect [AppLoggerAspect.java : 51] 请求参数列表: : []
2022-04-20 18:01:26,044 INFO [XNIO-1 task-64] com.mh.jishi.config.AppLoggerAspect [AppLoggerAspect.java : 60] 接口响应状态: 0
2022-04-20 18:01:26,044 INFO [XNIO-1 task-64] com.mh.jishi.config.AppLoggerAspect [AppLoggerAspect.java : 61] 接口响应信息: 請求成功
2022-04-20 18:01:26,044 INFO [XNIO-1 task-64] com.mh.jishi.config.AppLoggerAspect [AppLoggerAspect.java : 65] 请求耗时: 2 ms
2022-04-20 18:01:26,044 INFO [XNIO-1 task-64] com.mh.jishi.config.AppLoggerAspect [AppLoggerAspect.java : 66] 请求结束时间: 2022年04月20日 18:01:26
2022-04-20 18:01:26,044 INFO [XNIO-1 task-64] com.mh.jishi.config.AppLoggerAspect [AppLoggerAspect.java : 68] ********************** app请求结束 **********************
2022-04-20 18:01:26,173 INFO [XNIO-1 task-65] com.mh.jishi.config.AppLoggerAspect [AppLoggerAspect.java : 39] ********************** app请求开始 **********************
2022-04-20 18:01:26,173 INFO [XNIO-1 task-65] com.mh.jishi.config.AppLoggerAspect [AppLoggerAspect.java : 44] 请求访问时间: 2022年04月20日 18:01:26
2022-04-20 18:01:26,173 INFO [XNIO-1 task-65] com.mh.jishi.config.AppLoggerAspect [AppLoggerAspect.java : 46] 请求url: http://localhost:8080/ts/getRandomTs
2022-04-20 18:01:26,174 INFO [XNIO-1 task-65] com.mh.jishi.config.AppLoggerAspect [AppLoggerAspect.java : 49] 请求方式: GET
2022-04-20 18:01:26,174 INFO [XNIO-1 task-65] com.mh.jishi.config.AppLoggerAspect [AppLoggerAspect.java : 51] 请求参数列表: : []
2022-04-20 18:01:26,175 INFO [XNIO-1 task-65] com.mh.jishi.config.AppLoggerAspect [AppLoggerAspect.java : 60] 接口响应状态: 0
2022-04-20 18:01:26,175 INFO [XNIO-1 task-65] com.mh.jishi.config.AppLoggerAspect [AppLoggerAspect.java : 61] 接口响应信息: 請求成功
2022-04-20 18:01:26,175 INFO [XNIO-1 task-65] com.mh.jishi.config.AppLoggerAspect [AppLoggerAspect.java : 65] 请求耗时: 2 ms
2022-04-20 18:01:26,175 INFO [XNIO-1 task-65] com.mh.jishi.config.AppLoggerAspect [AppLoggerAspect.java : 66] 请求结束时间: 2022年04月20日 18:01:26
2022-04-20 18:01:26,175 INFO [XNIO-1 task-65] com.mh.jishi.config.AppLoggerAspect [AppLoggerAspect.java : 68] ********************** app请求结束 **********************
2022-04-20 18:01:26,345 INFO [XNIO-1 task-66] com.mh.jishi.config.AppLoggerAspect [AppLoggerAspect.java : 39] ********************** app请求开始 **********************
2022-04-20 18:01:26,345 INFO [XNIO-1 task-66] com.mh.jishi.config.AppLoggerAspect [AppLoggerAspect.java : 44] 请求访问时间: 2022年04月20日 18:01:26
2022-04-20 18:01:26,345 INFO [XNIO-1 task-66] com.mh.jishi.config.AppLoggerAspect [AppLoggerAspect.java : 46] 请求url: http://localhost:8080/ts/getRandomTs
2022-04-20 18:01:26,345 INFO [XNIO-1 task-66] com.mh.jishi.config.AppLoggerAspect [AppLoggerAspect.java : 49] 请求方式: GET
2022-04-20 18:01:26,345 INFO [XNIO-1 task-66] com.mh.jishi.config.AppLoggerAspect [AppLoggerAspect.java : 51] 请求参数列表: : []
2022-04-20 18:01:26,346 INFO [XNIO-1 task-66] com.mh.jishi.config.AppLoggerAspect [AppLoggerAspect.java : 60] 接口响应状态: 0
2022-04-20 18:01:26,346 INFO [XNIO-1 task-66] com.mh.jishi.config.AppLoggerAspect [AppLoggerAspect.java : 61] 接口响应信息: 請求成功
2022-04-20 18:01:26,346 INFO [XNIO-1 task-66] com.mh.jishi.config.AppLoggerAspect [AppLoggerAspect.java : 65] 请求耗时: 1 ms
2022-04-20 18:01:26,346 INFO [XNIO-1 task-66] com.mh.jishi.config.AppLoggerAspect [AppLoggerAspect.java : 66] 请求结束时间: 2022年04月20日 18:01:26
2022-04-20 18:01:26,346 INFO [XNIO-1 task-66] com.mh.jishi.config.AppLoggerAspect [AppLoggerAspect.java : 68] ********************** app请求结束 **********************
2022-04-20 18:01:26,578 INFO [XNIO-1 task-67] com.mh.jishi.config.AppLoggerAspect [AppLoggerAspect.java : 39] ********************** app请求开始 **********************
2022-04-20 18:01:26,579 INFO [XNIO-1 task-67] com.mh.jishi.config.AppLoggerAspect [AppLoggerAspect.java : 44] 请求访问时间: 2022年04月20日 18:01:26
2022-04-20 18:01:26,579 INFO [XNIO-1 task-67] com.mh.jishi.config.AppLoggerAspect [AppLoggerAspect.java : 46] 请求url: http://localhost:8080/ts/getRandomTs
2022-04-20 18:01:26,579 INFO [XNIO-1 task-67] com.mh.jishi.config.AppLoggerAspect [AppLoggerAspect.java : 49] 请求方式: GET
2022-04-20 18:01:26,580 INFO [XNIO-1 task-67] com.mh.jishi.config.AppLoggerAspect [AppLoggerAspect.java : 51] 请求参数列表: : []
2022-04-20 18:01:26,581 INFO [XNIO-1 task-67] com.mh.jishi.config.AppLoggerAspect [AppLoggerAspect.java : 60] 接口响应状态: 0
2022-04-20 18:01:26,581 INFO [XNIO-1 task-67] com.mh.jishi.config.AppLoggerAspect [AppLoggerAspect.java : 61] 接口响应信息: 請求成功
2022-04-20 18:01:26,581 INFO [XNIO-1 task-67] com.mh.jishi.config.AppLoggerAspect [AppLoggerAspect.java : 65] 请求耗时: 2 ms
2022-04-20 18:01:26,581 INFO [XNIO-1 task-67] com.mh.jishi.config.AppLoggerAspect [AppLoggerAspect.java : 66] 请求结束时间: 2022年04月20日 18:01:26
2022-04-20 18:01:26,581 INFO [XNIO-1 task-67] com.mh.jishi.config.AppLoggerAspect [AppLoggerAspect.java : 68] ********************** app请求结束 **********************
2022-04-20 18:01:26,760 INFO [XNIO-1 task-68] com.mh.jishi.config.AppLoggerAspect [AppLoggerAspect.java : 39] ********************** app请求开始 **********************
2022-04-20 18:01:26,761 INFO [XNIO-1 task-68] com.mh.jishi.config.AppLoggerAspect [AppLoggerAspect.java : 44] 请求访问时间: 2022年04月20日 18:01:26
2022-04-20 18:01:26,761 INFO [XNIO-1 task-68] com.mh.jishi.config.AppLoggerAspect [AppLoggerAspect.java : 46] 请求url: http://localhost:8080/ts/getRandomTs
2022-04-20 18:01:26,761 INFO [XNIO-1 task-68] com.mh.jishi.config.AppLoggerAspect [AppLoggerAspect.java : 49] 请求方式: GET
2022-04-20 18:01:26,762 INFO [XNIO-1 task-68] com.mh.jishi.config.AppLoggerAspect [AppLoggerAspect.java : 51] 请求参数列表: : []
2022-04-20 18:01:26,763 INFO [XNIO-1 task-68] com.mh.jishi.config.AppLoggerAspect [AppLoggerAspect.java : 60] 接口响应状态: 0
2022-04-20 18:01:26,764 INFO [XNIO-1 task-68] com.mh.jishi.config.AppLoggerAspect [AppLoggerAspect.java : 61] 接口响应信息: 請求成功
2022-04-20 18:01:26,764 INFO [XNIO-1 task-68] com.mh.jishi.config.AppLoggerAspect [AppLoggerAspect.java : 65] 请求耗时: 3 ms
2022-04-20 18:01:26,764 INFO [XNIO-1 task-68] com.mh.jishi.config.AppLoggerAspect [AppLoggerAspect.java : 66] 请求结束时间: 2022年04月20日 18:01:26
2022-04-20 18:01:26,764 INFO [XNIO-1 task-68] com.mh.jishi.config.AppLoggerAspect [AppLoggerAspect.java : 68] ********************** app请求结束 **********************
